08/21/2017 02:44:47 PM - SeleniumDriver - INFO: Element found with locator: input.form-control:nth-child(3) and  locatorType: css
08/21/2017 02:44:50 PM - SeleniumDriver - INFO: Element not found with locator: user_password and  locatorType: css
08/21/2017 02:45:13 PM - SeleniumDriver - INFO: Element found with locator: input.form-control:nth-child(3) and  locatorType: css
08/21/2017 02:45:16 PM - SeleniumDriver - INFO: Element not found with locator: user_password and  locatorType: css
08/21/2017 02:46:21 PM - SeleniumDriver - INFO: Element found with locator: input.form-control:nth-child(3) and  locatorType: css
08/21/2017 02:46:24 PM - SeleniumDriver - INFO: Element not found with locator: user_password and  locatorType: css
08/21/2017 02:47:19 PM - SeleniumDriver - INFO: Element found with locator: input.form-control:nth-child(3) and  locatorType: css
08/21/2017 02:47:22 PM - SeleniumDriver - INFO: Element not found with locator: user_password and  locatorType: css
08/21/2017 02:47:22 PM - SeleniumDriver - INFO: Element not found with locator: Test and  locatorType: css
08/21/2017 02:47:22 PM - SeleniumDriver - INFO: Cannot click on the element with locator: Test locatorType: css
08/21/2017 02:49:26 PM - SeleniumDriver - INFO: Element found with locator: input.form-control:nth-child(3) and  locatorType: css
08/21/2017 02:49:26 PM - SeleniumDriver - INFO: Element found with locator: input.form-control:nth-child(4) and  locatorType: css
08/21/2017 02:52:46 PM - SeleniumDriver - INFO: Element found with locator: input.form-control:nth-child(3) and  locatorType: css
08/21/2017 02:52:46 PM - SeleniumDriver - INFO: Element found with locator: input.form-control:nth-child(4) and  locatorType: css
08/21/2017 02:53:27 PM - SeleniumDriver - INFO: Element found with locator: input.form-control:nth-child(3) and  locatorType: css
08/21/2017 02:53:27 PM - SeleniumDriver - INFO: Element found with locator: input.form-control:nth-child(4) and  locatorType: css
08/21/2017 02:53:27 PM - SeleniumDriver - INFO: Element found with locator: input.form-control:nth-child(3) and  locatorType: css
08/21/2017 02:53:28 PM - SeleniumDriver - INFO: Clicked on element with locator: input.form-control:nth-child(3) locatorType: css
08/21/2017 02:54:30 PM - SeleniumDriver - INFO: Element found with locator: input.form-control:nth-child(3) and  locatorType: css
08/21/2017 02:54:30 PM - SeleniumDriver - INFO: Element found with locator: input.form-control:nth-child(4) and  locatorType: css
08/21/2017 02:54:30 PM - SeleniumDriver - INFO: Element found with locator: input.form-control:nth-child(3) and  locatorType: css
08/21/2017 02:54:31 PM - SeleniumDriver - INFO: Clicked on element with locator: input.form-control:nth-child(3) locatorType: css
08/21/2017 02:54:31 PM - SeleniumDriver - INFO: Element found with locator: input.form-control:nth-child(3) and  locatorType: css
08/21/2017 02:54:31 PM - SeleniumDriver - INFO: Sent data on element with locator: input.form-control:nth-child(3) locatorType: css
08/21/2017 02:55:02 PM - SeleniumDriver - INFO: Element found with locator: input.form-control:nth-child(3) and  locatorType: css
08/21/2017 02:55:02 PM - SeleniumDriver - INFO: Element found with locator: input.form-control:nth-child(4) and  locatorType: css
08/21/2017 02:55:02 PM - SeleniumDriver - INFO: Element found with locator: input.form-control:nth-child(3) and  locatorType: css
08/21/2017 02:55:02 PM - SeleniumDriver - INFO: Sent data on element with locator: input.form-control:nth-child(3) locatorType: css
08/21/2017 02:55:40 PM - SeleniumDriver - INFO: Element found with locator: input.form-control:nth-child(3) and  locatorType: css
08/21/2017 02:55:40 PM - SeleniumDriver - INFO: Element found with locator: input.form-control:nth-child(4) and  locatorType: css
08/21/2017 02:55:41 PM - SeleniumDriver - INFO: Element found with locator: input.form-control:nth-child(3) and  locatorType: css
08/21/2017 02:55:41 PM - SeleniumDriver - INFO: Sent data on element with locator: input.form-control:nth-child(3) locatorType: css
08/21/2017 02:55:41 PM - SeleniumDriver - INFO: Element found with locator: input.form-control:nth-child(4) and  locatorType: css
08/21/2017 02:55:41 PM - SeleniumDriver - INFO: Sent data on element with locator: input.form-control:nth-child(4) locatorType: css
08/21/2017 02:55:41 PM - SeleniumDriver - INFO: Locator type value not correct/supported
08/21/2017 02:55:41 PM - SeleniumDriver - INFO: Element not found with locator: Log in and  locatorType: value
08/21/2017 02:55:41 PM - SeleniumDriver - INFO: Cannot click on the element with locator: Log in locatorType: value
08/21/2017 02:56:49 PM - SeleniumDriver - INFO: Element found with locator: input.form-control:nth-child(3) and  locatorType: css
08/21/2017 02:56:49 PM - SeleniumDriver - INFO: Element found with locator: input.form-control:nth-child(4) and  locatorType: css
08/21/2017 02:56:49 PM - SeleniumDriver - INFO: Element found with locator: input.form-control:nth-child(3) and  locatorType: css
08/21/2017 02:56:49 PM - SeleniumDriver - INFO: Sent data on element with locator: input.form-control:nth-child(3) locatorType: css
08/21/2017 02:56:49 PM - SeleniumDriver - INFO: Element found with locator: input.form-control:nth-child(4) and  locatorType: css
08/21/2017 02:56:49 PM - SeleniumDriver - INFO: Sent data on element with locator: input.form-control:nth-child(4) locatorType: css
08/21/2017 02:56:49 PM - SeleniumDriver - INFO: Locator type value not correct/supported
08/21/2017 02:56:49 PM - SeleniumDriver - INFO: Element not found with locator: Log in and  locatorType: value
08/21/2017 02:56:49 PM - SeleniumDriver - INFO: Cannot click on the element with locator: Log in locatorType: value
08/21/2017 03:00:40 PM - SeleniumDriver - INFO: Element found with locator: input.form-control:nth-child(3) and  locatorType: css
08/21/2017 03:00:40 PM - SeleniumDriver - INFO: Element found with locator: input.form-control:nth-child(4) and  locatorType: css
08/21/2017 03:00:40 PM - SeleniumDriver - INFO: Element found with locator: input.form-control:nth-child(3) and  locatorType: css
08/21/2017 03:00:40 PM - SeleniumDriver - INFO: Sent data on element with locator: input.form-control:nth-child(3) locatorType: css
08/21/2017 03:00:40 PM - SeleniumDriver - INFO: Element found with locator: input.form-control:nth-child(4) and  locatorType: css
08/21/2017 03:00:40 PM - SeleniumDriver - INFO: Sent data on element with locator: input.form-control:nth-child(4) locatorType: css
08/21/2017 03:00:40 PM - SeleniumDriver - INFO: Locator type value not correct/supported
08/21/2017 03:00:40 PM - SeleniumDriver - INFO: Element not found with locator: Log in and  locatorType: value
08/21/2017 03:00:40 PM - SeleniumDriver - INFO: Cannot click on the element with locator: Log in locatorType: value
08/21/2017 03:15:00 PM - SeleniumDriver - INFO: Element found with locator: input.form-control:nth-child(3) and  locatorType: css
08/21/2017 03:15:00 PM - SeleniumDriver - INFO: Element found with locator: input.form-control:nth-child(4) and  locatorType: css
08/21/2017 03:15:00 PM - SeleniumDriver - INFO: Element found with locator: input.form-control:nth-child(3) and  locatorType: css
08/21/2017 03:15:00 PM - SeleniumDriver - INFO: Sent data on element with locator: input.form-control:nth-child(3) locatorType: css
08/21/2017 03:15:00 PM - SeleniumDriver - INFO: Element found with locator: input.form-control:nth-child(4) and  locatorType: css
08/21/2017 03:15:00 PM - SeleniumDriver - INFO: Sent data on element with locator: input.form-control:nth-child(4) locatorType: css
08/21/2017 03:15:00 PM - SeleniumDriver - INFO: Locator type value not correct/supported
08/21/2017 03:15:00 PM - SeleniumDriver - INFO: Element not found with locator: Log in and  locatorType: value
08/21/2017 03:15:00 PM - SeleniumDriver - INFO: Cannot click on the element with locator: Log in locatorType: value
08/21/2017 03:17:15 PM - SeleniumDriver - INFO: Element found with locator: input.form-control:nth-child(3) and  locatorType: css
08/21/2017 03:17:15 PM - SeleniumDriver - INFO: Element found with locator: input.form-control:nth-child(4) and  locatorType: css
08/21/2017 03:17:15 PM - SeleniumDriver - INFO: Element found with locator: input.form-control:nth-child(3) and  locatorType: css
08/21/2017 03:17:15 PM - SeleniumDriver - INFO: Sent data on element with locator: input.form-control:nth-child(3) locatorType: css
08/21/2017 03:17:15 PM - SeleniumDriver - INFO: Element found with locator: input.form-control:nth-child(4) and  locatorType: css
08/21/2017 03:17:15 PM - SeleniumDriver - INFO: Sent data on element with locator: input.form-control:nth-child(4) locatorType: css
08/21/2017 03:17:15 PM - SeleniumDriver - INFO: Locator type value not correct/supported
08/21/2017 03:17:15 PM - SeleniumDriver - INFO: Element not found with locator: Log in and  locatorType: value
08/21/2017 03:17:15 PM - SeleniumDriver - INFO: Cannot click on the element with locator: Log in locatorType: value
08/21/2017 03:17:56 PM - SeleniumDriver - INFO: Element found with locator: input.form-control:nth-child(3) and  locatorType: css
08/21/2017 03:17:56 PM - SeleniumDriver - INFO: Element found with locator: input.form-control:nth-child(4) and  locatorType: css
08/21/2017 03:17:56 PM - SeleniumDriver - INFO: Element found with locator: input.form-control:nth-child(3) and  locatorType: css
08/21/2017 03:17:57 PM - SeleniumDriver - INFO: Sent data on element with locator: input.form-control:nth-child(3) locatorType: css
08/21/2017 03:17:57 PM - SeleniumDriver - INFO: Element found with locator: input.form-control:nth-child(4) and  locatorType: css
08/21/2017 03:17:57 PM - SeleniumDriver - INFO: Sent data on element with locator: input.form-control:nth-child(4) locatorType: css
08/21/2017 03:17:57 PM - SeleniumDriver - INFO: Locator type value not correct/supported
08/21/2017 03:17:57 PM - SeleniumDriver - INFO: Element not found with locator: Log in and  locatorType: value
08/21/2017 03:17:57 PM - SeleniumDriver - INFO: Cannot click on the element with locator: Log in locatorType: value
08/21/2017 03:17:57 PM - LoginTests - INFO: *#*#*#*#*#*#*#*#*#*#*#*#*#*#*#*#*#*#*#*#
08/21/2017 03:17:57 PM - LoginTests - INFO: test_t1invalidLogin started
08/21/2017 03:17:57 PM - LoginTests - INFO: *#*#*#*#*#*#*#*#*#*#*#*#*#*#*#*#*#*#*#*#
08/21/2017 03:17:57 PM - LoginTests - INFO: *#*#*#*#*#*#*#*#*#*#*#*#*#*#*#*#*#*#*#*#
08/21/2017 03:17:57 PM - LoginTests - INFO: test_t1invalidLogin started
08/21/2017 03:17:57 PM - LoginTests - INFO: *#*#*#*#*#*#*#*#*#*#*#*#*#*#*#*#*#*#*#*#
08/21/2017 03:17:57 PM - SeleniumDriver - INFO: Element found with locator: input.form-control:nth-child(3) and  locatorType: css
08/21/2017 03:17:57 PM - SeleniumDriver - INFO: Element found with locator: input.form-control:nth-child(4) and  locatorType: css
08/21/2017 03:17:57 PM - SeleniumDriver - INFO: Element found with locator: input.form-control:nth-child(3) and  locatorType: css
08/21/2017 03:17:57 PM - SeleniumDriver - INFO: Sent data on element with locator: input.form-control:nth-child(3) locatorType: css
08/21/2017 03:17:57 PM - SeleniumDriver - INFO: Element found with locator: input.form-control:nth-child(4) and  locatorType: css
08/21/2017 03:17:57 PM - SeleniumDriver - INFO: Sent data on element with locator: input.form-control:nth-child(4) locatorType: css
08/21/2017 03:17:57 PM - SeleniumDriver - INFO: Locator type value not correct/supported
08/21/2017 03:17:57 PM - SeleniumDriver - INFO: Element not found with locator: Log in and  locatorType: value
08/21/2017 03:17:57 PM - SeleniumDriver - INFO: Cannot click on the element with locator: Log in locatorType: value
08/21/2017 03:20:19 PM - SeleniumDriver - INFO: Element found with locator: input.form-control:nth-child(3) and  locatorType: css
08/21/2017 03:20:19 PM - SeleniumDriver - INFO: Element found with locator: input.form-control:nth-child(4) and  locatorType: css
08/21/2017 03:20:19 PM - SeleniumDriver - INFO: Element found with locator: input.form-control:nth-child(3) and  locatorType: css
08/21/2017 03:20:19 PM - SeleniumDriver - INFO: Sent data on element with locator: input.form-control:nth-child(3) locatorType: css
08/21/2017 03:20:19 PM - SeleniumDriver - INFO: Element found with locator: input.form-control:nth-child(4) and  locatorType: css
08/21/2017 03:20:19 PM - SeleniumDriver - INFO: Sent data on element with locator: input.form-control:nth-child(4) locatorType: css
08/21/2017 03:20:19 PM - SeleniumDriver - INFO: Locator type value not correct/supported
08/21/2017 03:20:19 PM - SeleniumDriver - INFO: Element not found with locator: Log in and  locatorType: value
08/21/2017 03:20:19 PM - SeleniumDriver - INFO: Cannot click on the element with locator: Log in locatorType: value
08/21/2017 03:20:19 PM - LoginTests - INFO: *#*#*#*#*#*#*#*#*#*#*#*#*#*#*#*#*#*#*#*#
08/21/2017 03:20:19 PM - LoginTests - INFO: test_t1invalidLogin started
08/21/2017 03:20:19 PM - LoginTests - INFO: *#*#*#*#*#*#*#*#*#*#*#*#*#*#*#*#*#*#*#*#
08/21/2017 03:20:19 PM - LoginTests - INFO: *#*#*#*#*#*#*#*#*#*#*#*#*#*#*#*#*#*#*#*#
08/21/2017 03:20:19 PM - LoginTests - INFO: test_t1invalidLogin started
08/21/2017 03:20:19 PM - LoginTests - INFO: *#*#*#*#*#*#*#*#*#*#*#*#*#*#*#*#*#*#*#*#
08/21/2017 03:20:19 PM - SeleniumDriver - INFO: Element found with locator: input.form-control:nth-child(3) and  locatorType: css
08/21/2017 03:20:19 PM - SeleniumDriver - INFO: Element found with locator: input.form-control:nth-child(4) and  locatorType: css
08/21/2017 03:20:19 PM - SeleniumDriver - INFO: Element found with locator: input.form-control:nth-child(3) and  locatorType: css
08/21/2017 03:20:19 PM - SeleniumDriver - INFO: Sent data on element with locator: input.form-control:nth-child(3) locatorType: css
08/21/2017 03:20:19 PM - SeleniumDriver - INFO: Element found with locator: input.form-control:nth-child(4) and  locatorType: css
08/21/2017 03:20:19 PM - SeleniumDriver - INFO: Sent data on element with locator: input.form-control:nth-child(4) locatorType: css
08/21/2017 03:20:19 PM - SeleniumDriver - INFO: Locator type value not correct/supported
08/21/2017 03:20:19 PM - SeleniumDriver - INFO: Element not found with locator: Log in and  locatorType: value
08/21/2017 03:20:19 PM - SeleniumDriver - INFO: Cannot click on the element with locator: Log in locatorType: value
08/21/2017 03:20:19 PM - SeleniumDriver - ERROR: Failed to get page title
08/21/2017 03:20:55 PM - SeleniumDriver - INFO: Element found with locator: input.form-control:nth-child(3) and  locatorType: css
08/21/2017 03:20:55 PM - SeleniumDriver - INFO: Element found with locator: input.form-control:nth-child(4) and  locatorType: css
08/21/2017 03:20:55 PM - SeleniumDriver - INFO: Element found with locator: input.form-control:nth-child(3) and  locatorType: css
08/21/2017 03:20:55 PM - SeleniumDriver - INFO: Sent data on element with locator: input.form-control:nth-child(3) locatorType: css
08/21/2017 03:20:55 PM - SeleniumDriver - INFO: Element found with locator: input.form-control:nth-child(4) and  locatorType: css
08/21/2017 03:20:55 PM - SeleniumDriver - INFO: Sent data on element with locator: input.form-control:nth-child(4) locatorType: css
08/21/2017 03:20:55 PM - SeleniumDriver - INFO: Locator type value not correct/supported
08/21/2017 03:20:55 PM - SeleniumDriver - INFO: Element not found with locator: Log in and  locatorType: value
08/21/2017 03:20:55 PM - SeleniumDriver - INFO: Cannot click on the element with locator: Log in locatorType: value
08/21/2017 03:20:55 PM - LoginTests - INFO: *#*#*#*#*#*#*#*#*#*#*#*#*#*#*#*#*#*#*#*#
08/21/2017 03:20:55 PM - LoginTests - INFO: test_t1invalidLogin started
08/21/2017 03:20:55 PM - LoginTests - INFO: *#*#*#*#*#*#*#*#*#*#*#*#*#*#*#*#*#*#*#*#
08/21/2017 03:20:55 PM - LoginTests - INFO: *#*#*#*#*#*#*#*#*#*#*#*#*#*#*#*#*#*#*#*#
08/21/2017 03:20:55 PM - LoginTests - INFO: test_t1invalidLogin started
08/21/2017 03:20:55 PM - LoginTests - INFO: *#*#*#*#*#*#*#*#*#*#*#*#*#*#*#*#*#*#*#*#
08/21/2017 03:20:55 PM - SeleniumDriver - INFO: Element found with locator: input.form-control:nth-child(3) and  locatorType: css
08/21/2017 03:20:55 PM - SeleniumDriver - INFO: Element found with locator: input.form-control:nth-child(4) and  locatorType: css
08/21/2017 03:20:55 PM - SeleniumDriver - INFO: Element found with locator: input.form-control:nth-child(3) and  locatorType: css
08/21/2017 03:20:55 PM - SeleniumDriver - INFO: Sent data on element with locator: input.form-control:nth-child(3) locatorType: css
08/21/2017 03:20:55 PM - SeleniumDriver - INFO: Element found with locator: input.form-control:nth-child(4) and  locatorType: css
08/21/2017 03:20:55 PM - SeleniumDriver - INFO: Sent data on element with locator: input.form-control:nth-child(4) locatorType: css
08/21/2017 03:20:55 PM - SeleniumDriver - INFO: Locator type value not correct/supported
08/21/2017 03:20:55 PM - SeleniumDriver - INFO: Element not found with locator: Log in and  locatorType: value
08/21/2017 03:20:55 PM - SeleniumDriver - INFO: Cannot click on the element with locator: Log in locatorType: value
08/21/2017 03:20:55 PM - SeleniumDriver - ERROR: Failed to get page title
08/21/2017 03:22:38 PM - SeleniumDriver - INFO: Element found with locator: input.form-control:nth-child(3) and  locatorType: css
08/21/2017 03:22:38 PM - SeleniumDriver - INFO: Element found with locator: input.form-control:nth-child(4) and  locatorType: css
08/21/2017 03:22:38 PM - SeleniumDriver - INFO: Element found with locator: input.form-control:nth-child(3) and  locatorType: css
08/21/2017 03:22:38 PM - SeleniumDriver - INFO: Sent data on element with locator: input.form-control:nth-child(3) locatorType: css
08/21/2017 03:22:38 PM - SeleniumDriver - INFO: Element found with locator: input.form-control:nth-child(4) and  locatorType: css
08/21/2017 03:22:38 PM - SeleniumDriver - INFO: Sent data on element with locator: input.form-control:nth-child(4) locatorType: css
08/21/2017 03:22:38 PM - SeleniumDriver - INFO: Locator type value not correct/supported
08/21/2017 03:22:38 PM - SeleniumDriver - INFO: Element not found with locator: Log in and  locatorType: value
08/21/2017 03:22:38 PM - SeleniumDriver - INFO: Cannot click on the element with locator: Log in locatorType: value
08/21/2017 03:22:38 PM - LoginTests - INFO: *#*#*#*#*#*#*#*#*#*#*#*#*#*#*#*#*#*#*#*#
08/21/2017 03:22:38 PM - LoginTests - INFO: test_t1invalidLogin started
08/21/2017 03:22:38 PM - LoginTests - INFO: *#*#*#*#*#*#*#*#*#*#*#*#*#*#*#*#*#*#*#*#
08/21/2017 03:22:38 PM - LoginTests - INFO: *#*#*#*#*#*#*#*#*#*#*#*#*#*#*#*#*#*#*#*#
08/21/2017 03:22:38 PM - LoginTests - INFO: test_t1invalidLogin started
08/21/2017 03:22:38 PM - LoginTests - INFO: *#*#*#*#*#*#*#*#*#*#*#*#*#*#*#*#*#*#*#*#
08/21/2017 03:22:38 PM - SeleniumDriver - INFO: Element found with locator: input.form-control:nth-child(3) and  locatorType: css
08/21/2017 03:22:38 PM - SeleniumDriver - INFO: Element found with locator: input.form-control:nth-child(4) and  locatorType: css
08/21/2017 03:22:38 PM - SeleniumDriver - INFO: Element found with locator: input.form-control:nth-child(3) and  locatorType: css
08/21/2017 03:22:38 PM - SeleniumDriver - INFO: Sent data on element with locator: input.form-control:nth-child(3) locatorType: css
08/21/2017 03:22:38 PM - SeleniumDriver - INFO: Element found with locator: input.form-control:nth-child(4) and  locatorType: css
08/21/2017 03:22:38 PM - SeleniumDriver - INFO: Sent data on element with locator: input.form-control:nth-child(4) locatorType: css
08/21/2017 03:22:38 PM - SeleniumDriver - INFO: Locator type value not correct/supported
08/21/2017 03:22:38 PM - SeleniumDriver - INFO: Element not found with locator: Log in and  locatorType: value
08/21/2017 03:22:38 PM - SeleniumDriver - INFO: Cannot click on the element with locator: Log in locatorType: value
08/21/2017 03:22:38 PM - SeleniumDriver - ERROR: Failed to get page title
08/21/2017 03:23:00 PM - SeleniumDriver - INFO: Element found with locator: input.form-control:nth-child(3) and  locatorType: css
08/21/2017 03:23:00 PM - SeleniumDriver - INFO: Element found with locator: input.form-control:nth-child(4) and  locatorType: css
08/21/2017 03:23:00 PM - SeleniumDriver - INFO: Element found with locator: input.form-control:nth-child(3) and  locatorType: css
08/21/2017 03:23:00 PM - SeleniumDriver - INFO: Sent data on element with locator: input.form-control:nth-child(3) locatorType: css
08/21/2017 03:23:00 PM - SeleniumDriver - INFO: Element found with locator: input.form-control:nth-child(4) and  locatorType: css
08/21/2017 03:23:01 PM - SeleniumDriver - INFO: Sent data on element with locator: input.form-control:nth-child(4) locatorType: css
08/21/2017 03:23:01 PM - SeleniumDriver - INFO: Locator type value not correct/supported
08/21/2017 03:23:01 PM - SeleniumDriver - INFO: Element not found with locator: Log in and  locatorType: value
08/21/2017 03:23:01 PM - SeleniumDriver - INFO: Cannot click on the element with locator: Log in locatorType: value
08/21/2017 03:23:01 PM - LoginTests - INFO: *#*#*#*#*#*#*#*#*#*#*#*#*#*#*#*#*#*#*#*#
08/21/2017 03:23:01 PM - LoginTests - INFO: test_t1invalidLogin started
08/21/2017 03:23:01 PM - LoginTests - INFO: *#*#*#*#*#*#*#*#*#*#*#*#*#*#*#*#*#*#*#*#
08/21/2017 03:23:01 PM - LoginTests - INFO: *#*#*#*#*#*#*#*#*#*#*#*#*#*#*#*#*#*#*#*#
08/21/2017 03:23:01 PM - LoginTests - INFO: test_t1invalidLogin started
08/21/2017 03:23:01 PM - LoginTests - INFO: *#*#*#*#*#*#*#*#*#*#*#*#*#*#*#*#*#*#*#*#
08/21/2017 03:23:01 PM - SeleniumDriver - INFO: Element found with locator: input.form-control:nth-child(3) and  locatorType: css
08/21/2017 03:23:01 PM - SeleniumDriver - INFO: Element found with locator: input.form-control:nth-child(4) and  locatorType: css
08/21/2017 03:23:01 PM - SeleniumDriver - INFO: Element found with locator: input.form-control:nth-child(3) and  locatorType: css
08/21/2017 03:23:01 PM - SeleniumDriver - INFO: Sent data on element with locator: input.form-control:nth-child(3) locatorType: css
08/21/2017 03:23:01 PM - SeleniumDriver - INFO: Element found with locator: input.form-control:nth-child(4) and  locatorType: css
08/21/2017 03:23:01 PM - SeleniumDriver - INFO: Sent data on element with locator: input.form-control:nth-child(4) locatorType: css
08/21/2017 03:23:01 PM - SeleniumDriver - INFO: Locator type value not correct/supported
08/21/2017 03:23:01 PM - SeleniumDriver - INFO: Element not found with locator: Log in and  locatorType: value
08/21/2017 03:23:01 PM - SeleniumDriver - INFO: Cannot click on the element with locator: Log in locatorType: value
08/21/2017 03:24:06 PM - SeleniumDriver - INFO: Element found with locator: input.form-control:nth-child(3) and  locatorType: css
08/21/2017 03:24:06 PM - SeleniumDriver - INFO: Element found with locator: input.form-control:nth-child(4) and  locatorType: css
08/21/2017 03:24:06 PM - SeleniumDriver - INFO: Element found with locator: input.form-control:nth-child(3) and  locatorType: css
08/21/2017 03:24:06 PM - SeleniumDriver - INFO: Sent data on element with locator: input.form-control:nth-child(3) locatorType: css
08/21/2017 03:24:07 PM - SeleniumDriver - INFO: Element found with locator: input.form-control:nth-child(4) and  locatorType: css
08/21/2017 03:24:07 PM - SeleniumDriver - INFO: Sent data on element with locator: input.form-control:nth-child(4) locatorType: css
08/21/2017 03:24:07 PM - SeleniumDriver - INFO: Locator type value not correct/supported
08/21/2017 03:24:07 PM - SeleniumDriver - INFO: Element not found with locator: Log in and  locatorType: value
08/21/2017 03:24:07 PM - SeleniumDriver - INFO: Cannot click on the element with locator: Log in locatorType: value
08/21/2017 03:24:07 PM - LoginTests - INFO: *#*#*#*#*#*#*#*#*#*#*#*#*#*#*#*#*#*#*#*#
08/21/2017 03:24:07 PM - LoginTests - INFO: test_t1invalidLogin started
08/21/2017 03:24:07 PM - LoginTests - INFO: *#*#*#*#*#*#*#*#*#*#*#*#*#*#*#*#*#*#*#*#
08/21/2017 03:24:07 PM - LoginTests - INFO: *#*#*#*#*#*#*#*#*#*#*#*#*#*#*#*#*#*#*#*#
08/21/2017 03:24:07 PM - LoginTests - INFO: test_t1invalidLogin started
08/21/2017 03:24:07 PM - LoginTests - INFO: *#*#*#*#*#*#*#*#*#*#*#*#*#*#*#*#*#*#*#*#
08/21/2017 03:24:07 PM - SeleniumDriver - INFO: Element found with locator: input.form-control:nth-child(3) and  locatorType: css
08/21/2017 03:24:07 PM - SeleniumDriver - INFO: Element found with locator: input.form-control:nth-child(4) and  locatorType: css
08/21/2017 03:24:07 PM - SeleniumDriver - INFO: Element found with locator: input.form-control:nth-child(3) and  locatorType: css
08/21/2017 03:24:07 PM - SeleniumDriver - INFO: Sent data on element with locator: input.form-control:nth-child(3) locatorType: css
08/21/2017 03:24:07 PM - SeleniumDriver - INFO: Element found with locator: input.form-control:nth-child(4) and  locatorType: css
08/21/2017 03:24:07 PM - SeleniumDriver - INFO: Sent data on element with locator: input.form-control:nth-child(4) locatorType: css
08/21/2017 03:24:07 PM - SeleniumDriver - INFO: Locator type value not correct/supported
08/21/2017 03:24:07 PM - SeleniumDriver - INFO: Element not found with locator: Log in and  locatorType: value
08/21/2017 03:24:07 PM - SeleniumDriver - INFO: Cannot click on the element with locator: Log in locatorType: value
08/21/2017 03:25:00 PM - LoginPage - INFO: Element found with locator: input.form-control:nth-child(3) and  locatorType: css
08/21/2017 03:25:00 PM - LoginPage - INFO: Element found with locator: input.form-control:nth-child(4) and  locatorType: css
08/21/2017 03:25:00 PM - LoginPage - INFO: Element found with locator: input.form-control:nth-child(3) and  locatorType: css
08/21/2017 03:25:00 PM - LoginPage - INFO: Sent data on element with locator: input.form-control:nth-child(3) locatorType: css
08/21/2017 03:25:00 PM - LoginPage - INFO: Element found with locator: input.form-control:nth-child(4) and  locatorType: css
08/21/2017 03:25:00 PM - LoginPage - INFO: Sent data on element with locator: input.form-control:nth-child(4) locatorType: css
08/21/2017 03:25:00 PM - LoginPage - INFO: Locator type value not correct/supported
08/21/2017 03:25:00 PM - LoginPage - INFO: Element not found with locator: Log in and  locatorType: value
08/21/2017 03:25:00 PM - LoginPage - INFO: Cannot click on the element with locator: Log in locatorType: value
08/21/2017 03:25:00 PM - LoginTests - INFO: *#*#*#*#*#*#*#*#*#*#*#*#*#*#*#*#*#*#*#*#
08/21/2017 03:25:00 PM - LoginTests - INFO: test_t1invalidLogin started
08/21/2017 03:25:00 PM - LoginTests - INFO: *#*#*#*#*#*#*#*#*#*#*#*#*#*#*#*#*#*#*#*#
08/21/2017 03:25:00 PM - LoginTests - INFO: *#*#*#*#*#*#*#*#*#*#*#*#*#*#*#*#*#*#*#*#
08/21/2017 03:25:00 PM - LoginTests - INFO: test_t1invalidLogin started
08/21/2017 03:25:00 PM - LoginTests - INFO: *#*#*#*#*#*#*#*#*#*#*#*#*#*#*#*#*#*#*#*#
08/21/2017 03:25:00 PM - LoginPage - INFO: Element found with locator: input.form-control:nth-child(3) and  locatorType: css
08/21/2017 03:25:00 PM - LoginPage - INFO: Element found with locator: input.form-control:nth-child(4) and  locatorType: css
08/21/2017 03:25:00 PM - LoginPage - INFO: Element found with locator: input.form-control:nth-child(3) and  locatorType: css
08/21/2017 03:25:00 PM - LoginPage - INFO: Sent data on element with locator: input.form-control:nth-child(3) locatorType: css
08/21/2017 03:25:00 PM - LoginPage - INFO: Element found with locator: input.form-control:nth-child(4) and  locatorType: css
08/21/2017 03:25:00 PM - LoginPage - INFO: Sent data on element with locator: input.form-control:nth-child(4) locatorType: css
08/21/2017 03:25:00 PM - LoginPage - INFO: Locator type value not correct/supported
08/21/2017 03:25:00 PM - LoginPage - INFO: Element not found with locator: Log in and  locatorType: value
08/21/2017 03:25:00 PM - LoginPage - INFO: Cannot click on the element with locator: Log in locatorType: value
08/21/2017 03:25:34 PM - LoginPage - INFO: Element found with locator: input.form-control:nth-child(3) and  locatorType: css
08/21/2017 03:25:34 PM - LoginPage - INFO: Element found with locator: input.form-control:nth-child(4) and  locatorType: css
08/21/2017 03:25:34 PM - LoginPage - INFO: Element found with locator: input.form-control:nth-child(3) and  locatorType: css
08/21/2017 03:25:34 PM - LoginPage - INFO: Sent data on element with locator: input.form-control:nth-child(3) locatorType: css
08/21/2017 03:25:34 PM - LoginPage - INFO: Element found with locator: input.form-control:nth-child(4) and  locatorType: css
08/21/2017 03:25:34 PM - LoginPage - INFO: Sent data on element with locator: input.form-control:nth-child(4) locatorType: css
08/21/2017 03:25:34 PM - LoginPage - INFO: Locator type value not correct/supported
08/21/2017 03:25:34 PM - LoginPage - INFO: Element not found with locator: Log in and  locatorType: value
08/21/2017 03:25:34 PM - LoginPage - INFO: Cannot click on the element with locator: Log in locatorType: value
08/21/2017 03:25:34 PM - LoginTests - INFO: *#*#*#*#*#*#*#*#*#*#*#*#*#*#*#*#*#*#*#*#
08/21/2017 03:25:34 PM - LoginTests - INFO: test_t1invalidLogin started
08/21/2017 03:25:34 PM - LoginTests - INFO: *#*#*#*#*#*#*#*#*#*#*#*#*#*#*#*#*#*#*#*#
08/21/2017 03:25:34 PM - LoginTests - INFO: *#*#*#*#*#*#*#*#*#*#*#*#*#*#*#*#*#*#*#*#
08/21/2017 03:25:34 PM - LoginTests - INFO: test_t1invalidLogin started
08/21/2017 03:25:34 PM - LoginTests - INFO: *#*#*#*#*#*#*#*#*#*#*#*#*#*#*#*#*#*#*#*#
08/21/2017 03:25:34 PM - LoginPage - INFO: Element found with locator: input.form-control:nth-child(3) and  locatorType: css
08/21/2017 03:25:34 PM - LoginPage - INFO: Element found with locator: input.form-control:nth-child(4) and  locatorType: css
08/21/2017 03:25:34 PM - LoginPage - INFO: Element found with locator: input.form-control:nth-child(3) and  locatorType: css
08/21/2017 03:25:34 PM - LoginPage - INFO: Sent data on element with locator: input.form-control:nth-child(3) locatorType: css
08/21/2017 03:25:34 PM - LoginPage - INFO: Element found with locator: input.form-control:nth-child(4) and  locatorType: css
08/21/2017 03:25:34 PM - LoginPage - INFO: Sent data on element with locator: input.form-control:nth-child(4) locatorType: css
08/21/2017 03:25:34 PM - LoginPage - INFO: Locator type value not correct/supported
08/21/2017 03:25:34 PM - LoginPage - INFO: Element not found with locator: Log in and  locatorType: value
08/21/2017 03:25:34 PM - LoginPage - INFO: Cannot click on the element with locator: Log in locatorType: value
08/21/2017 03:25:34 PM - Util - INFO: Actual Text From Application Web UI --> :: Welcome to Axinom CMS!
08/21/2017 03:25:34 PM - Util - INFO: Expected Text From Application Web UI --> :: Axinom CMS
08/21/2017 03:25:34 PM - Util - INFO: ### VERIFICATION CONTAINS !!!
08/21/2017 03:25:34 PM - TestStatus - INFO: ### VERIFICATION SUCCESSFUL :: + Title Verification
08/21/2017 03:25:34 PM - LoginPage - INFO: Waiting for maximum :: 10 :: seconds for element to be clickable
08/21/2017 03:25:46 PM - LoginPage - INFO: Element not appeared on the web page
08/21/2017 03:25:49 PM - LoginPage - INFO: Element not found with locator: awe-userName and  locatorType: class
08/21/2017 03:25:49 PM - LoginPage - INFO: Element not present with locator: awe-userName locatorType: class
08/21/2017 03:25:49 PM - TestStatus - ERROR: ### VERIFICATION FAILED :: + Login Verification
08/21/2017 03:25:49 PM - TestStatus - ERROR: ### Exception Occurred !!!
08/21/2017 03:28:00 PM - LoginPage - INFO: Element found with locator: input.form-control:nth-child(3) and  locatorType: css
08/21/2017 03:28:00 PM - LoginPage - INFO: Element found with locator: input.form-control:nth-child(4) and  locatorType: css
08/21/2017 03:28:00 PM - LoginPage - INFO: Element found with locator: input.form-control:nth-child(3) and  locatorType: css
08/21/2017 03:28:00 PM - LoginPage - INFO: Sent data on element with locator: input.form-control:nth-child(3) locatorType: css
08/21/2017 03:28:00 PM - LoginPage - INFO: Element found with locator: input.form-control:nth-child(4) and  locatorType: css
08/21/2017 03:28:00 PM - LoginPage - INFO: Sent data on element with locator: input.form-control:nth-child(4) locatorType: css
08/21/2017 03:28:00 PM - LoginPage - INFO: Locator type value not correct/supported
08/21/2017 03:28:00 PM - LoginPage - INFO: Element not found with locator: Log in and  locatorType: value
08/21/2017 03:28:00 PM - LoginPage - INFO: Cannot click on the element with locator: Log in locatorType: value
08/21/2017 03:28:00 PM - LoginTests - INFO: *#*#*#*#*#*#*#*#*#*#*#*#*#*#*#*#*#*#*#*#
08/21/2017 03:28:00 PM - LoginTests - INFO: test_t1invalidLogin started
08/21/2017 03:28:00 PM - LoginTests - INFO: *#*#*#*#*#*#*#*#*#*#*#*#*#*#*#*#*#*#*#*#
08/21/2017 03:28:00 PM - LoginTests - INFO: *#*#*#*#*#*#*#*#*#*#*#*#*#*#*#*#*#*#*#*#
08/21/2017 03:28:00 PM - LoginTests - INFO: test_t1invalidLogin started
08/21/2017 03:28:00 PM - LoginTests - INFO: *#*#*#*#*#*#*#*#*#*#*#*#*#*#*#*#*#*#*#*#
08/21/2017 03:28:00 PM - LoginPage - INFO: Element found with locator: input.form-control:nth-child(3) and  locatorType: css
08/21/2017 03:28:00 PM - LoginPage - INFO: Element found with locator: input.form-control:nth-child(4) and  locatorType: css
08/21/2017 03:28:00 PM - LoginPage - INFO: Element found with locator: input.form-control:nth-child(3) and  locatorType: css
08/21/2017 03:28:00 PM - LoginPage - INFO: Sent data on element with locator: input.form-control:nth-child(3) locatorType: css
08/21/2017 03:28:00 PM - LoginPage - INFO: Element found with locator: input.form-control:nth-child(4) and  locatorType: css
08/21/2017 03:28:00 PM - LoginPage - INFO: Sent data on element with locator: input.form-control:nth-child(4) locatorType: css
08/21/2017 03:28:00 PM - LoginPage - INFO: Locator type value not correct/supported
08/21/2017 03:28:00 PM - LoginPage - INFO: Element not found with locator: Log in and  locatorType: value
08/21/2017 03:28:00 PM - LoginPage - INFO: Cannot click on the element with locator: Log in locatorType: value
08/21/2017 03:28:00 PM - Util - INFO: Actual Text From Application Web UI --> :: Welcome to Axinom CMS!
08/21/2017 03:28:00 PM - Util - INFO: Expected Text From Application Web UI --> :: Axinom CMS
08/21/2017 03:28:00 PM - Util - INFO: ### VERIFICATION CONTAINS !!!
08/21/2017 03:28:00 PM - TestStatus - INFO: ### VERIFICATION SUCCESSFUL :: + Title Verification
08/21/2017 03:28:00 PM - LoginPage - INFO: Waiting for maximum :: 10 :: seconds for element to be clickable
08/21/2017 03:28:12 PM - LoginPage - INFO: Element not appeared on the web page
08/21/2017 03:28:15 PM - LoginPage - INFO: Element not found with locator: awe-userName and  locatorType: class
08/21/2017 03:28:15 PM - LoginPage - INFO: Element not present with locator: awe-userName locatorType: class
08/21/2017 03:28:15 PM - TestStatus - ERROR: ### VERIFICATION FAILED :: + Login Verification
08/21/2017 03:28:15 PM - TestStatus - ERROR: ### Exception Occurred !!!
08/21/2017 03:29:19 PM - LoginPage - INFO: Element found with locator: input.form-control:nth-child(3) and  locatorType: css
08/21/2017 03:29:19 PM - LoginPage - INFO: Element found with locator: input.form-control:nth-child(4) and  locatorType: css
08/21/2017 03:29:19 PM - LoginPage - INFO: Element found with locator: input.form-control:nth-child(3) and  locatorType: css
08/21/2017 03:29:19 PM - LoginPage - INFO: Sent data on element with locator: input.form-control:nth-child(3) locatorType: css
08/21/2017 03:29:19 PM - LoginPage - INFO: Element found with locator: input.form-control:nth-child(4) and  locatorType: css
08/21/2017 03:29:19 PM - LoginPage - INFO: Sent data on element with locator: input.form-control:nth-child(4) locatorType: css
08/21/2017 03:29:19 PM - LoginPage - INFO: Locator type value not correct/supported
08/21/2017 03:29:19 PM - LoginPage - INFO: Element not found with locator: Log in and  locatorType: value
08/21/2017 03:29:19 PM - LoginPage - INFO: Cannot click on the element with locator: Log in locatorType: value
08/21/2017 03:29:19 PM - LoginTests - INFO: *#*#*#*#*#*#*#*#*#*#*#*#*#*#*#*#*#*#*#*#
08/21/2017 03:29:19 PM - LoginTests - INFO: test_t1invalidLogin started
08/21/2017 03:29:19 PM - LoginTests - INFO: *#*#*#*#*#*#*#*#*#*#*#*#*#*#*#*#*#*#*#*#
08/21/2017 03:29:19 PM - LoginTests - INFO: *#*#*#*#*#*#*#*#*#*#*#*#*#*#*#*#*#*#*#*#
08/21/2017 03:29:19 PM - LoginTests - INFO: test_t1invalidLogin started
08/21/2017 03:29:19 PM - LoginTests - INFO: *#*#*#*#*#*#*#*#*#*#*#*#*#*#*#*#*#*#*#*#
08/21/2017 03:29:19 PM - LoginPage - INFO: Element found with locator: input.form-control:nth-child(3) and  locatorType: css
08/21/2017 03:29:19 PM - LoginPage - INFO: Element found with locator: input.form-control:nth-child(4) and  locatorType: css
08/21/2017 03:29:19 PM - LoginPage - INFO: Element found with locator: input.form-control:nth-child(3) and  locatorType: css
08/21/2017 03:29:19 PM - LoginPage - INFO: Sent data on element with locator: input.form-control:nth-child(3) locatorType: css
08/21/2017 03:29:19 PM - LoginPage - INFO: Element found with locator: input.form-control:nth-child(4) and  locatorType: css
08/21/2017 03:29:19 PM - LoginPage - INFO: Sent data on element with locator: input.form-control:nth-child(4) locatorType: css
08/21/2017 03:29:19 PM - LoginPage - INFO: Locator type value not correct/supported
08/21/2017 03:29:19 PM - LoginPage - INFO: Element not found with locator: Log in and  locatorType: value
08/21/2017 03:29:19 PM - LoginPage - INFO: Cannot click on the element with locator: Log in locatorType: value
08/21/2017 03:29:19 PM - Util - INFO: Actual Text From Application Web UI --> :: Welcome to Axinom CMS!
08/21/2017 03:29:19 PM - Util - INFO: Expected Text From Application Web UI --> :: Axinom CMS
08/21/2017 03:29:19 PM - Util - INFO: ### VERIFICATION CONTAINS !!!
08/21/2017 03:29:19 PM - TestStatus - INFO: ### VERIFICATION SUCCESSFUL :: + Title Verification
08/21/2017 03:29:19 PM - LoginPage - INFO: Waiting for maximum :: 10 :: seconds for element to be clickable
08/21/2017 03:29:31 PM - LoginPage - INFO: Element not appeared on the web page
08/21/2017 03:29:34 PM - LoginPage - INFO: Element not found with locator: awe-userName and  locatorType: class
08/21/2017 03:29:34 PM - LoginPage - INFO: Element not present with locator: awe-userName locatorType: class
08/21/2017 03:29:34 PM - TestStatus - ERROR: ### VERIFICATION FAILED :: + Login Verification
08/21/2017 03:29:35 PM - TestStatus - INFO: Screenshot saved to directory: C:\Users\pavilion\PycharmProjects\Ax\base\../screenshots/Login Verification.1503318574970.png
08/21/2017 03:29:35 PM - TestStatus - ERROR: test_t2validLogin ### TEST FAILED
08/21/2017 03:30:11 PM - LoginPage - INFO: Element found with locator: input.form-control:nth-child(3) and  locatorType: css
08/21/2017 03:30:11 PM - LoginPage - INFO: Element found with locator: input.form-control:nth-child(4) and  locatorType: css
08/21/2017 03:30:11 PM - LoginPage - INFO: Element found with locator: input.form-control:nth-child(3) and  locatorType: css
08/21/2017 03:30:11 PM - LoginPage - INFO: Sent data on element with locator: input.form-control:nth-child(3) locatorType: css
08/21/2017 03:30:11 PM - LoginPage - INFO: Element found with locator: input.form-control:nth-child(4) and  locatorType: css
08/21/2017 03:30:11 PM - LoginPage - INFO: Sent data on element with locator: input.form-control:nth-child(4) locatorType: css
08/21/2017 03:30:11 PM - LoginPage - INFO: Locator type value not correct/supported
08/21/2017 03:30:11 PM - LoginPage - INFO: Element not found with locator: Log in and  locatorType: value
08/21/2017 03:30:11 PM - LoginPage - INFO: Cannot click on the element with locator: Log in locatorType: value
08/21/2017 03:30:11 PM - LoginTests - INFO: *#*#*#*#*#*#*#*#*#*#*#*#*#*#*#*#*#*#*#*#
08/21/2017 03:30:11 PM - LoginTests - INFO: test_t1invalidLogin started
08/21/2017 03:30:11 PM - LoginTests - INFO: *#*#*#*#*#*#*#*#*#*#*#*#*#*#*#*#*#*#*#*#
08/21/2017 03:30:11 PM - LoginPage - INFO: Element found with locator: input.form-control:nth-child(3) and  locatorType: css
08/21/2017 03:30:11 PM - LoginPage - INFO: Element found with locator: input.form-control:nth-child(4) and  locatorType: css
08/21/2017 03:30:11 PM - LoginPage - INFO: Element found with locator: input.form-control:nth-child(3) and  locatorType: css
08/21/2017 03:30:11 PM - LoginPage - INFO: Sent data on element with locator: input.form-control:nth-child(3) locatorType: css
08/21/2017 03:30:12 PM - LoginPage - INFO: Element found with locator: input.form-control:nth-child(4) and  locatorType: css
08/21/2017 03:30:12 PM - LoginPage - INFO: Sent data on element with locator: input.form-control:nth-child(4) locatorType: css
08/21/2017 03:30:12 PM - LoginPage - INFO: Locator type value not correct/supported
08/21/2017 03:30:12 PM - LoginPage - INFO: Element not found with locator: Log in and  locatorType: value
08/21/2017 03:30:12 PM - LoginPage - INFO: Cannot click on the element with locator: Log in locatorType: value
08/21/2017 03:30:12 PM - Util - INFO: Actual Text From Application Web UI --> :: Welcome to Axinom CMS!
08/21/2017 03:30:12 PM - Util - INFO: Expected Text From Application Web UI --> :: Axinom CMS
08/21/2017 03:30:12 PM - Util - INFO: ### VERIFICATION CONTAINS !!!
08/21/2017 03:30:12 PM - TestStatus - INFO: ### VERIFICATION SUCCESSFUL :: + Title Verification
08/21/2017 03:30:12 PM - LoginPage - INFO: Waiting for maximum :: 10 :: seconds for element to be clickable
08/21/2017 03:30:24 PM - LoginPage - INFO: Element not appeared on the web page
08/21/2017 03:30:27 PM - LoginPage - INFO: Element not found with locator: awe-userName and  locatorType: class
08/21/2017 03:30:27 PM - LoginPage - INFO: Element not present with locator: awe-userName locatorType: class
08/21/2017 03:30:27 PM - TestStatus - ERROR: ### VERIFICATION FAILED :: + Login Verification
08/21/2017 03:30:27 PM - TestStatus - INFO: Screenshot saved to directory: C:\Users\pavilion\PycharmProjects\Ax\base\../screenshots/Login Verification.1503318627149.png
08/21/2017 03:30:27 PM - TestStatus - ERROR: test_t2validLogin ### TEST FAILED
08/21/2017 03:48:37 PM - LoginPage - INFO: Element found with locator: input.form-control:nth-child(3) and  locatorType: css
08/21/2017 03:48:37 PM - LoginPage - INFO: Element found with locator: input.form-control:nth-child(4) and  locatorType: css
08/21/2017 03:48:37 PM - LoginPage - INFO: Element found with locator: input.form-control:nth-child(3) and  locatorType: css
08/21/2017 03:48:37 PM - LoginPage - INFO: Sent data on element with locator: input.form-control:nth-child(3) locatorType: css
08/21/2017 03:48:37 PM - LoginPage - INFO: Element found with locator: input.form-control:nth-child(4) and  locatorType: css
08/21/2017 03:48:37 PM - LoginPage - INFO: Sent data on element with locator: input.form-control:nth-child(4) locatorType: css
08/21/2017 03:48:37 PM - LoginPage - INFO: Locator type value not correct/supported
08/21/2017 03:48:37 PM - LoginPage - INFO: Element not found with locator: Log in and  locatorType: value
08/21/2017 03:48:37 PM - LoginPage - INFO: Cannot click on the element with locator: Log in locatorType: value
08/21/2017 03:48:37 PM - LoginTests - INFO: *#*#*#*#*#*#*#*#*#*#*#*#*#*#*#*#*#*#*#*#
08/21/2017 03:48:37 PM - LoginTests - INFO: test_t1invalidLogin started
08/21/2017 03:48:37 PM - LoginTests - INFO: *#*#*#*#*#*#*#*#*#*#*#*#*#*#*#*#*#*#*#*#
08/21/2017 03:48:37 PM - LoginPage - INFO: Element found with locator: input.form-control:nth-child(3) and  locatorType: css
08/21/2017 03:48:37 PM - LoginPage - INFO: Element found with locator: input.form-control:nth-child(4) and  locatorType: css
08/21/2017 03:48:37 PM - LoginPage - INFO: Element found with locator: input.form-control:nth-child(3) and  locatorType: css
08/21/2017 03:48:37 PM - LoginPage - INFO: Sent data on element with locator: input.form-control:nth-child(3) locatorType: css
08/21/2017 03:48:37 PM - LoginPage - INFO: Element found with locator: input.form-control:nth-child(4) and  locatorType: css
08/21/2017 03:48:37 PM - LoginPage - INFO: Sent data on element with locator: input.form-control:nth-child(4) locatorType: css
08/21/2017 03:48:37 PM - LoginPage - INFO: Locator type value not correct/supported
08/21/2017 03:48:37 PM - LoginPage - INFO: Element not found with locator: Log in and  locatorType: value
08/21/2017 03:48:37 PM - LoginPage - INFO: Cannot click on the element with locator: Log in locatorType: value
08/21/2017 03:48:37 PM - Util - INFO: Actual Text From Application Web UI --> :: Welcome to Axinom CMS!
08/21/2017 03:48:37 PM - Util - INFO: Expected Text From Application Web UI --> :: Axinom CMS
08/21/2017 03:48:37 PM - Util - INFO: ### VERIFICATION CONTAINS !!!
08/21/2017 03:48:37 PM - LoginPage - INFO: Waiting for maximum :: 10 :: seconds for element to be clickable
08/21/2017 03:48:49 PM - LoginPage - INFO: Element not appeared on the web page
08/21/2017 03:48:52 PM - LoginPage - INFO: Element not found with locator: awe-userName and  locatorType: class
08/21/2017 03:48:52 PM - LoginPage - INFO: Element not present with locator: awe-userName locatorType: class
08/21/2017 05:27:21 PM - LoginPage - INFO: Element found with locator: input.form-control:nth-child(3) and  locatorType: css
08/21/2017 05:27:21 PM - LoginPage - INFO: Element found with locator: input.form-control:nth-child(4) and  locatorType: css
08/21/2017 05:27:21 PM - LoginPage - INFO: Element found with locator: input.form-control:nth-child(3) and  locatorType: css
08/21/2017 05:27:21 PM - LoginPage - INFO: Sent data on element with locator: input.form-control:nth-child(3) locatorType: css
08/21/2017 05:27:21 PM - LoginPage - INFO: Element found with locator: input.form-control:nth-child(4) and  locatorType: css
08/21/2017 05:27:21 PM - LoginPage - INFO: Sent data on element with locator: input.form-control:nth-child(4) locatorType: css
08/21/2017 05:27:21 PM - LoginPage - INFO: Locator type value not correct/supported
08/21/2017 05:27:21 PM - LoginPage - INFO: Element not found with locator: Log in and  locatorType: value
08/21/2017 05:27:21 PM - LoginPage - INFO: Cannot click on the element with locator: Log in locatorType: value
08/21/2017 05:27:21 PM - LoginTests - INFO: *#*#*#*#*#*#*#*#*#*#*#*#*#*#*#*#*#*#*#*#
08/21/2017 05:27:21 PM - LoginTests - INFO: test_t1invalidLogin started
08/21/2017 05:27:21 PM - LoginTests - INFO: *#*#*#*#*#*#*#*#*#*#*#*#*#*#*#*#*#*#*#*#
08/21/2017 05:27:21 PM - LoginPage - INFO: Element found with locator: input.form-control:nth-child(3) and  locatorType: css
08/21/2017 05:27:21 PM - LoginPage - INFO: Element found with locator: input.form-control:nth-child(4) and  locatorType: css
08/21/2017 05:27:21 PM - LoginPage - INFO: Element found with locator: input.form-control:nth-child(3) and  locatorType: css
08/21/2017 05:27:21 PM - LoginPage - INFO: Sent data on element with locator: input.form-control:nth-child(3) locatorType: css
08/21/2017 05:27:21 PM - LoginPage - INFO: Element found with locator: input.form-control:nth-child(4) and  locatorType: css
08/21/2017 05:27:21 PM - LoginPage - INFO: Sent data on element with locator: input.form-control:nth-child(4) locatorType: css
08/21/2017 05:27:21 PM - LoginPage - INFO: Locator type value not correct/supported
08/21/2017 05:27:21 PM - LoginPage - INFO: Element not found with locator: Log in and  locatorType: value
08/21/2017 05:27:21 PM - LoginPage - INFO: Cannot click on the element with locator: Log in locatorType: value
08/21/2017 05:27:56 PM - LoginPage - INFO: Element found with locator: input.form-control:nth-child(3) and  locatorType: css
08/21/2017 05:27:56 PM - LoginPage - INFO: Element found with locator: input.form-control:nth-child(4) and  locatorType: css
08/21/2017 05:27:56 PM - LoginPage - INFO: Element found with locator: input.form-control:nth-child(3) and  locatorType: css
08/21/2017 05:27:56 PM - LoginPage - INFO: Sent data on element with locator: input.form-control:nth-child(3) locatorType: css
08/21/2017 05:27:56 PM - LoginPage - INFO: Element found with locator: input.form-control:nth-child(4) and  locatorType: css
08/21/2017 05:27:56 PM - LoginPage - INFO: Sent data on element with locator: input.form-control:nth-child(4) locatorType: css
08/21/2017 05:27:56 PM - LoginPage - INFO: Locator type value not correct/supported
08/21/2017 05:27:56 PM - LoginPage - INFO: Element not found with locator: Log in and  locatorType: value
08/21/2017 05:27:56 PM - LoginPage - INFO: Cannot click on the element with locator: Log in locatorType: value
08/21/2017 05:30:16 PM - LoginPage - INFO: Element found with locator: input.form-control:nth-child(3) and  locatorType: css
08/21/2017 05:30:16 PM - LoginPage - INFO: Element found with locator: input.form-control:nth-child(4) and  locatorType: css
08/21/2017 05:30:16 PM - LoginPage - INFO: Element found with locator: input.form-control:nth-child(3) and  locatorType: css
08/21/2017 05:30:16 PM - LoginPage - INFO: Sent data on element with locator: input.form-control:nth-child(3) locatorType: css
08/21/2017 05:30:16 PM - LoginPage - INFO: Element found with locator: input.form-control:nth-child(4) and  locatorType: css
08/21/2017 05:30:16 PM - LoginPage - INFO: Sent data on element with locator: input.form-control:nth-child(4) locatorType: css
08/21/2017 05:30:16 PM - LoginPage - INFO: Locator type value not correct/supported
08/21/2017 05:30:16 PM - LoginPage - INFO: Element not found with locator: Log in and  locatorType: value
08/21/2017 05:30:16 PM - LoginPage - INFO: Cannot click on the element with locator: Log in locatorType: value
08/21/2017 05:30:47 PM - LoginPage - INFO: Element found with locator: input.form-control:nth-child(3) and  locatorType: css
08/21/2017 05:30:47 PM - LoginPage - INFO: Element found with locator: input.form-control:nth-child(4) and  locatorType: css
08/21/2017 05:30:47 PM - LoginPage - INFO: Element found with locator: input.form-control:nth-child(3) and  locatorType: css
08/21/2017 05:30:47 PM - LoginPage - INFO: Sent data on element with locator: input.form-control:nth-child(3) locatorType: css
08/21/2017 05:30:47 PM - LoginPage - INFO: Element found with locator: input.form-control:nth-child(4) and  locatorType: css
08/21/2017 05:30:47 PM - LoginPage - INFO: Sent data on element with locator: input.form-control:nth-child(4) locatorType: css
08/21/2017 05:30:47 PM - LoginPage - INFO: Locator type value not correct/supported
08/21/2017 05:30:47 PM - LoginPage - INFO: Element not found with locator: Log in and  locatorType: value
08/21/2017 05:30:47 PM - LoginPage - INFO: Cannot click on the element with locator: Log in locatorType: value
08/21/2017 05:30:47 PM - LoginTests - INFO: *#*#*#*#*#*#*#*#*#*#*#*#*#*#*#*#*#*#*#*#
08/21/2017 05:30:47 PM - LoginTests - INFO: test_t1invalidLogin started
08/21/2017 05:30:47 PM - LoginTests - INFO: *#*#*#*#*#*#*#*#*#*#*#*#*#*#*#*#*#*#*#*#
08/21/2017 05:30:47 PM - LoginPage - INFO: Element found with locator: input.form-control:nth-child(3) and  locatorType: css
08/21/2017 05:30:48 PM - LoginPage - INFO: Element found with locator: input.form-control:nth-child(4) and  locatorType: css
08/21/2017 05:30:48 PM - LoginPage - INFO: Element found with locator: input.form-control:nth-child(3) and  locatorType: css
08/21/2017 05:30:48 PM - LoginPage - INFO: Sent data on element with locator: input.form-control:nth-child(3) locatorType: css
08/21/2017 05:30:48 PM - LoginPage - INFO: Element found with locator: input.form-control:nth-child(4) and  locatorType: css
08/21/2017 05:30:48 PM - LoginPage - INFO: Sent data on element with locator: input.form-control:nth-child(4) locatorType: css
08/21/2017 05:30:48 PM - LoginPage - INFO: Locator type value not correct/supported
08/21/2017 05:30:48 PM - LoginPage - INFO: Element not found with locator: Log in and  locatorType: value
08/21/2017 05:30:48 PM - LoginPage - INFO: Cannot click on the element with locator: Log in locatorType: value
08/21/2017 05:31:50 PM - LoginPage - INFO: Element found with locator: input.form-control:nth-child(3) and  locatorType: css
08/21/2017 05:31:50 PM - LoginPage - INFO: Element found with locator: input.form-control:nth-child(4) and  locatorType: css
08/21/2017 05:31:50 PM - LoginPage - INFO: Element found with locator: input.form-control:nth-child(3) and  locatorType: css
08/21/2017 05:31:50 PM - LoginPage - INFO: Sent data on element with locator: input.form-control:nth-child(3) locatorType: css
08/21/2017 05:31:50 PM - LoginPage - INFO: Element found with locator: input.form-control:nth-child(4) and  locatorType: css
08/21/2017 05:31:50 PM - LoginPage - INFO: Sent data on element with locator: input.form-control:nth-child(4) locatorType: css
08/21/2017 05:31:50 PM - LoginPage - INFO: Locator type value not correct/supported
08/21/2017 05:31:50 PM - LoginPage - INFO: Element not found with locator: Log in and  locatorType: value
08/21/2017 05:31:50 PM - LoginPage - INFO: Cannot click on the element with locator: Log in locatorType: value
08/21/2017 05:31:50 PM - LoginTests - INFO: *#*#*#*#*#*#*#*#*#*#*#*#*#*#*#*#*#*#*#*#
08/21/2017 05:31:50 PM - LoginTests - INFO: test_t1invalidLogin started
08/21/2017 05:31:50 PM - LoginTests - INFO: *#*#*#*#*#*#*#*#*#*#*#*#*#*#*#*#*#*#*#*#
08/21/2017 05:31:50 PM - LoginPage - INFO: Element found with locator: input.form-control:nth-child(3) and  locatorType: css
08/21/2017 05:31:51 PM - LoginPage - INFO: Element found with locator: input.form-control:nth-child(4) and  locatorType: css
08/21/2017 05:31:51 PM - LoginPage - INFO: Element found with locator: input.form-control:nth-child(3) and  locatorType: css
08/21/2017 05:31:51 PM - LoginPage - INFO: Sent data on element with locator: input.form-control:nth-child(3) locatorType: css
08/21/2017 05:31:51 PM - LoginPage - INFO: Element found with locator: input.form-control:nth-child(4) and  locatorType: css
08/21/2017 05:31:51 PM - LoginPage - INFO: Sent data on element with locator: input.form-control:nth-child(4) locatorType: css
08/21/2017 05:31:51 PM - LoginPage - INFO: Locator type value not correct/supported
08/21/2017 05:31:51 PM - LoginPage - INFO: Element not found with locator: Log in and  locatorType: value
08/21/2017 05:31:51 PM - LoginPage - INFO: Cannot click on the element with locator: Log in locatorType: value
08/21/2017 05:32:24 PM - LoginPage - INFO: Element found with locator: input.form-control:nth-child(3) and  locatorType: css
08/21/2017 05:32:24 PM - LoginPage - INFO: Element found with locator: input.form-control:nth-child(4) and  locatorType: css
08/21/2017 05:32:24 PM - LoginPage - INFO: Element found with locator: input.form-control:nth-child(3) and  locatorType: css
08/21/2017 05:32:24 PM - LoginPage - INFO: Sent data on element with locator: input.form-control:nth-child(3) locatorType: css
08/21/2017 05:32:24 PM - LoginPage - INFO: Element found with locator: input.form-control:nth-child(4) and  locatorType: css
08/21/2017 05:32:24 PM - LoginPage - INFO: Sent data on element with locator: input.form-control:nth-child(4) locatorType: css
08/21/2017 05:32:24 PM - LoginPage - INFO: Locator type value not correct/supported
08/21/2017 05:32:24 PM - LoginPage - INFO: Element not found with locator: Log in and  locatorType: value
08/21/2017 05:32:24 PM - LoginPage - INFO: Cannot click on the element with locator: Log in locatorType: value
08/21/2017 05:32:24 PM - LoginTests - INFO: *#*#*#*#*#*#*#*#*#*#*#*#*#*#*#*#*#*#*#*#
08/21/2017 05:32:24 PM - LoginTests - INFO: test_t1invalidLogin started
08/21/2017 05:32:24 PM - LoginTests - INFO: *#*#*#*#*#*#*#*#*#*#*#*#*#*#*#*#*#*#*#*#
08/21/2017 05:32:24 PM - LoginPage - INFO: Element found with locator: input.form-control:nth-child(3) and  locatorType: css
08/21/2017 05:32:24 PM - LoginPage - INFO: Element found with locator: input.form-control:nth-child(4) and  locatorType: css
08/21/2017 05:32:24 PM - LoginPage - INFO: Element found with locator: input.form-control:nth-child(3) and  locatorType: css
08/21/2017 05:32:24 PM - LoginPage - INFO: Sent data on element with locator: input.form-control:nth-child(3) locatorType: css
08/21/2017 05:32:24 PM - LoginPage - INFO: Element found with locator: input.form-control:nth-child(4) and  locatorType: css
08/21/2017 05:32:24 PM - LoginPage - INFO: Sent data on element with locator: input.form-control:nth-child(4) locatorType: css
08/21/2017 05:32:24 PM - LoginPage - INFO: Locator type value not correct/supported
08/21/2017 05:32:24 PM - LoginPage - INFO: Element not found with locator: Log in and  locatorType: value
08/21/2017 05:32:24 PM - LoginPage - INFO: Cannot click on the element with locator: Log in locatorType: value
08/21/2017 05:32:24 PM - Util - INFO: Actual Text From Application Web UI --> :: Welcome to Axinom CMS!
08/21/2017 05:32:24 PM - Util - INFO: Expected Text From Application Web UI --> :: Axinom CMS
08/21/2017 05:32:24 PM - Util - INFO: ### VERIFICATION CONTAINS !!!
08/21/2017 05:35:18 PM - LoginPage - INFO: Element found with locator: input.form-control:nth-child(3) and  locatorType: css
08/21/2017 05:35:18 PM - LoginPage - INFO: Element found with locator: input.form-control:nth-child(4) and  locatorType: css
08/21/2017 05:35:19 PM - LoginPage - INFO: Element found with locator: input.form-control:nth-child(3) and  locatorType: css
08/21/2017 05:35:19 PM - LoginPage - INFO: Sent data on element with locator: input.form-control:nth-child(3) locatorType: css
08/21/2017 05:35:19 PM - LoginPage - INFO: Element found with locator: input.form-control:nth-child(4) and  locatorType: css
08/21/2017 05:35:19 PM - LoginPage - INFO: Sent data on element with locator: input.form-control:nth-child(4) locatorType: css
08/21/2017 05:35:19 PM - LoginPage - INFO: Locator type value not correct/supported
08/21/2017 05:35:19 PM - LoginPage - INFO: Element not found with locator: Log in and  locatorType: value
08/21/2017 05:35:19 PM - LoginPage - INFO: Cannot click on the element with locator: Log in locatorType: value
08/21/2017 05:35:19 PM - LoginTests - INFO: *#*#*#*#*#*#*#*#*#*#*#*#*#*#*#*#*#*#*#*#
08/21/2017 05:35:19 PM - LoginTests - INFO: test_t1invalidLogin started
08/21/2017 05:35:19 PM - LoginTests - INFO: *#*#*#*#*#*#*#*#*#*#*#*#*#*#*#*#*#*#*#*#
08/21/2017 05:35:19 PM - LoginPage - INFO: Element found with locator: input.form-control:nth-child(3) and  locatorType: css
08/21/2017 05:35:19 PM - LoginPage - INFO: Element found with locator: input.form-control:nth-child(4) and  locatorType: css
08/21/2017 05:35:19 PM - LoginPage - INFO: Element found with locator: input.form-control:nth-child(3) and  locatorType: css
08/21/2017 05:35:19 PM - LoginPage - INFO: Sent data on element with locator: input.form-control:nth-child(3) locatorType: css
08/21/2017 05:35:19 PM - LoginPage - INFO: Element found with locator: input.form-control:nth-child(4) and  locatorType: css
08/21/2017 05:35:19 PM - LoginPage - INFO: Sent data on element with locator: input.form-control:nth-child(4) locatorType: css
08/21/2017 05:35:19 PM - LoginPage - INFO: Locator type value not correct/supported
08/21/2017 05:35:19 PM - LoginPage - INFO: Element not found with locator: Log in and  locatorType: value
08/21/2017 05:35:19 PM - LoginPage - INFO: Cannot click on the element with locator: Log in locatorType: value
08/21/2017 05:35:19 PM - Util - INFO: Actual Text From Application Web UI --> :: Welcome to Axinom CMS!
08/21/2017 05:35:19 PM - Util - INFO: Expected Text From Application Web UI --> :: Axinom CMS
08/21/2017 05:35:19 PM - Util - INFO: ### VERIFICATION CONTAINS !!!
08/21/2017 05:37:59 PM - LoginPage - INFO: Element found with locator: input.form-control:nth-child(3) and  locatorType: css
08/21/2017 05:37:59 PM - LoginPage - INFO: Element found with locator: input.form-control:nth-child(4) and  locatorType: css
08/21/2017 05:37:59 PM - LoginPage - INFO: Element found with locator: input.form-control:nth-child(3) and  locatorType: css
08/21/2017 05:37:59 PM - LoginPage - INFO: Sent data on element with locator: input.form-control:nth-child(3) locatorType: css
08/21/2017 05:37:59 PM - LoginPage - INFO: Element found with locator: input.form-control:nth-child(4) and  locatorType: css
08/21/2017 05:38:00 PM - LoginPage - INFO: Sent data on element with locator: input.form-control:nth-child(4) locatorType: css
08/21/2017 05:38:00 PM - LoginPage - INFO: Locator type value not correct/supported
08/21/2017 05:38:00 PM - LoginPage - INFO: Element not found with locator: Log in and  locatorType: value
08/21/2017 05:38:00 PM - LoginPage - INFO: Cannot click on the element with locator: Log in locatorType: value
08/21/2017 05:38:00 PM - LoginTests - INFO: *#*#*#*#*#*#*#*#*#*#*#*#*#*#*#*#*#*#*#*#
08/21/2017 05:38:00 PM - LoginTests - INFO: test_t1invalidLogin started
08/21/2017 05:38:00 PM - LoginTests - INFO: *#*#*#*#*#*#*#*#*#*#*#*#*#*#*#*#*#*#*#*#
08/21/2017 05:38:00 PM - LoginPage - INFO: Element found with locator: input.form-control:nth-child(3) and  locatorType: css
08/21/2017 05:38:00 PM - LoginPage - INFO: Element found with locator: input.form-control:nth-child(4) and  locatorType: css
08/21/2017 05:38:00 PM - LoginPage - INFO: Element found with locator: input.form-control:nth-child(3) and  locatorType: css
08/21/2017 05:38:00 PM - LoginPage - INFO: Sent data on element with locator: input.form-control:nth-child(3) locatorType: css
08/21/2017 05:38:00 PM - LoginPage - INFO: Element found with locator: input.form-control:nth-child(4) and  locatorType: css
08/21/2017 05:38:00 PM - LoginPage - INFO: Sent data on element with locator: input.form-control:nth-child(4) locatorType: css
08/21/2017 05:38:00 PM - LoginPage - INFO: Locator type value not correct/supported
08/21/2017 05:38:00 PM - LoginPage - INFO: Element not found with locator: Log in and  locatorType: value
08/21/2017 05:38:00 PM - LoginPage - INFO: Cannot click on the element with locator: Log in locatorType: value
08/21/2017 05:38:03 PM - LoginPage - INFO: Element not found with locator: //div[contains(text(),'Invalid email or password')] and  locatorType: xpath
08/21/2017 05:38:03 PM - LoginPage - INFO: Element not present with locator: //div[contains(text(),'Invalid email or password')] locatorType: xpath
08/21/2017 05:38:28 PM - LoginPage - INFO: Element found with locator: input.form-control:nth-child(3) and  locatorType: css
08/21/2017 05:38:28 PM - LoginPage - INFO: Element found with locator: input.form-control:nth-child(4) and  locatorType: css
08/21/2017 05:38:28 PM - LoginPage - INFO: Element found with locator: input.form-control:nth-child(3) and  locatorType: css
08/21/2017 05:38:28 PM - LoginPage - INFO: Sent data on element with locator: input.form-control:nth-child(3) locatorType: css
08/21/2017 05:38:28 PM - LoginPage - INFO: Element found with locator: input.form-control:nth-child(4) and  locatorType: css
08/21/2017 05:38:28 PM - LoginPage - INFO: Sent data on element with locator: input.form-control:nth-child(4) locatorType: css
08/21/2017 05:38:28 PM - LoginPage - INFO: Locator type value not correct/supported
08/21/2017 05:38:28 PM - LoginPage - INFO: Element not found with locator: Log in and  locatorType: value
08/21/2017 05:38:28 PM - LoginPage - INFO: Cannot click on the element with locator: Log in locatorType: value
08/21/2017 05:38:28 PM - LoginTests - INFO: *#*#*#*#*#*#*#*#*#*#*#*#*#*#*#*#*#*#*#*#
08/21/2017 05:38:28 PM - LoginTests - INFO: test_t1invalidLogin started
08/21/2017 05:38:28 PM - LoginTests - INFO: *#*#*#*#*#*#*#*#*#*#*#*#*#*#*#*#*#*#*#*#
08/21/2017 05:38:28 PM - LoginPage - INFO: Element found with locator: input.form-control:nth-child(3) and  locatorType: css
08/21/2017 05:38:28 PM - LoginPage - INFO: Element found with locator: input.form-control:nth-child(4) and  locatorType: css
08/21/2017 05:38:28 PM - LoginPage - INFO: Element found with locator: input.form-control:nth-child(3) and  locatorType: css
08/21/2017 05:38:28 PM - LoginPage - INFO: Sent data on element with locator: input.form-control:nth-child(3) locatorType: css
08/21/2017 05:38:28 PM - LoginPage - INFO: Element found with locator: input.form-control:nth-child(4) and  locatorType: css
08/21/2017 05:38:28 PM - LoginPage - INFO: Sent data on element with locator: input.form-control:nth-child(4) locatorType: css
08/21/2017 05:38:28 PM - LoginPage - INFO: Locator type value not correct/supported
08/21/2017 05:38:28 PM - LoginPage - INFO: Element not found with locator: Log in and  locatorType: value
08/21/2017 05:38:28 PM - LoginPage - INFO: Cannot click on the element with locator: Log in locatorType: value
08/21/2017 05:38:28 PM - Util - INFO: Actual Text From Application Web UI --> :: Welcome to Axinom CMS!
08/21/2017 05:38:28 PM - Util - INFO: Expected Text From Application Web UI --> :: Axinom CMS
08/21/2017 05:38:28 PM - Util - INFO: ### VERIFICATION CONTAINS !!!
08/21/2017 05:38:28 PM - LoginTests - INFO: *#*#*#*#*#*#*#*#*#*#*#*#*#*#*#*#*#*#*#*#
08/21/2017 05:38:28 PM - LoginTests - INFO: test_t1invalidLogin started
08/21/2017 05:38:28 PM - LoginTests - INFO: *#*#*#*#*#*#*#*#*#*#*#*#*#*#*#*#*#*#*#*#
08/21/2017 05:38:28 PM - LoginPage - INFO: Element found with locator: input.form-control:nth-child(3) and  locatorType: css
08/21/2017 05:38:28 PM - LoginPage - INFO: Element found with locator: input.form-control:nth-child(4) and  locatorType: css
08/21/2017 05:38:28 PM - LoginPage - INFO: Element found with locator: input.form-control:nth-child(3) and  locatorType: css
08/21/2017 05:38:28 PM - LoginPage - INFO: Sent data on element with locator: input.form-control:nth-child(3) locatorType: css
08/21/2017 05:38:28 PM - LoginPage - INFO: Element found with locator: input.form-control:nth-child(4) and  locatorType: css
08/21/2017 05:38:28 PM - LoginPage - INFO: Sent data on element with locator: input.form-control:nth-child(4) locatorType: css
08/21/2017 05:38:28 PM - LoginPage - INFO: Locator type value not correct/supported
08/21/2017 05:38:28 PM - LoginPage - INFO: Element not found with locator: Log in and  locatorType: value
08/21/2017 05:38:28 PM - LoginPage - INFO: Cannot click on the element with locator: Log in locatorType: value
08/21/2017 05:38:31 PM - LoginPage - INFO: Element not found with locator: //div[contains(text(),'Invalid email or password')] and  locatorType: xpath
08/21/2017 05:38:31 PM - LoginPage - INFO: Element not present with locator: //div[contains(text(),'Invalid email or password')] locatorType: xpath
08/22/2017 11:12:22 AM - LoginPage - INFO: Element found with locator: input.form-control:nth-child(3) and  locatorType: css
08/22/2017 11:12:22 AM - LoginPage - INFO: Element found with locator: input.form-control:nth-child(4) and  locatorType: css
08/22/2017 11:12:22 AM - LoginPage - INFO: Element found with locator: input.form-control:nth-child(3) and  locatorType: css
08/22/2017 11:12:22 AM - LoginPage - INFO: Sent data on element with locator: input.form-control:nth-child(3) locatorType: css
08/22/2017 11:12:22 AM - LoginPage - INFO: Element found with locator: input.form-control:nth-child(4) and  locatorType: css
08/22/2017 11:12:22 AM - LoginPage - INFO: Sent data on element with locator: input.form-control:nth-child(4) locatorType: css
08/22/2017 11:12:22 AM - LoginPage - INFO: Locator type value not correct/supported
08/22/2017 11:12:22 AM - LoginPage - INFO: Element not found with locator: Log in and  locatorType: value
08/22/2017 11:12:22 AM - LoginPage - INFO: Cannot click on the element with locator: Log in locatorType: value
08/22/2017 11:12:22 AM - LoginTests - INFO: *#*#*#*#*#*#*#*#*#*#*#*#*#*#*#*#*#*#*#*#
08/22/2017 11:12:22 AM - LoginTests - INFO: test_t1invalidLogin started
08/22/2017 11:12:22 AM - LoginTests - INFO: *#*#*#*#*#*#*#*#*#*#*#*#*#*#*#*#*#*#*#*#
08/22/2017 11:12:22 AM - LoginPage - INFO: Element found with locator: input.form-control:nth-child(3) and  locatorType: css
08/22/2017 11:12:23 AM - LoginPage - INFO: Element found with locator: input.form-control:nth-child(4) and  locatorType: css
08/22/2017 11:12:23 AM - LoginPage - INFO: Element found with locator: input.form-control:nth-child(3) and  locatorType: css
08/22/2017 11:12:23 AM - LoginPage - INFO: Sent data on element with locator: input.form-control:nth-child(3) locatorType: css
08/22/2017 11:12:23 AM - LoginPage - INFO: Element found with locator: input.form-control:nth-child(4) and  locatorType: css
08/22/2017 11:12:23 AM - LoginPage - INFO: Sent data on element with locator: input.form-control:nth-child(4) locatorType: css
08/22/2017 11:12:23 AM - LoginPage - INFO: Locator type value not correct/supported
08/22/2017 11:12:23 AM - LoginPage - INFO: Element not found with locator: Log in and  locatorType: value
08/22/2017 11:12:23 AM - LoginPage - INFO: Cannot click on the element with locator: Log in locatorType: value
08/22/2017 11:12:23 AM - Util - INFO: Actual Text From Application Web UI --> :: Welcome to Axinom CMS!
08/22/2017 11:12:23 AM - Util - INFO: Expected Text From Application Web UI --> :: Axinom CMS
08/22/2017 11:12:23 AM - Util - INFO: ### VERIFICATION CONTAINS !!!
08/22/2017 11:12:23 AM - LoginTests - INFO: *#*#*#*#*#*#*#*#*#*#*#*#*#*#*#*#*#*#*#*#
08/22/2017 11:12:23 AM - LoginTests - INFO: test_t1invalidLogin started
08/22/2017 11:12:23 AM - LoginTests - INFO: *#*#*#*#*#*#*#*#*#*#*#*#*#*#*#*#*#*#*#*#
08/22/2017 11:12:23 AM - LoginPage - INFO: Element found with locator: input.form-control:nth-child(3) and  locatorType: css
08/22/2017 11:12:23 AM - LoginPage - INFO: Element found with locator: input.form-control:nth-child(4) and  locatorType: css
08/22/2017 11:12:23 AM - LoginPage - INFO: Element found with locator: input.form-control:nth-child(3) and  locatorType: css
08/22/2017 11:12:23 AM - LoginPage - INFO: Sent data on element with locator: input.form-control:nth-child(3) locatorType: css
08/22/2017 11:12:23 AM - LoginPage - INFO: Element found with locator: input.form-control:nth-child(4) and  locatorType: css
08/22/2017 11:12:23 AM - LoginPage - INFO: Sent data on element with locator: input.form-control:nth-child(4) locatorType: css
08/22/2017 11:12:23 AM - LoginPage - INFO: Locator type value not correct/supported
08/22/2017 11:12:23 AM - LoginPage - INFO: Element not found with locator: Log in and  locatorType: value
08/22/2017 11:12:23 AM - LoginPage - INFO: Cannot click on the element with locator: Log in locatorType: value
08/22/2017 11:12:26 AM - LoginPage - INFO: Element not found with locator: //div[contains(text(),'Invalid email or password')] and  locatorType: xpath
08/22/2017 11:12:26 AM - LoginPage - INFO: Element not present with locator: //div[contains(text(),'Invalid email or password')] locatorType: xpath
08/22/2017 11:14:34 AM - LoginPage - INFO: Element found with locator: input.form-control:nth-child(3) and  locatorType: css
08/22/2017 11:14:34 AM - LoginPage - INFO: Element found with locator: input.form-control:nth-child(4) and  locatorType: css
08/22/2017 11:14:34 AM - LoginPage - INFO: Element found with locator: input.form-control:nth-child(3) and  locatorType: css
08/22/2017 11:14:34 AM - LoginPage - INFO: Sent data on element with locator: input.form-control:nth-child(3) locatorType: css
08/22/2017 11:14:34 AM - LoginPage - INFO: Element found with locator: input.form-control:nth-child(4) and  locatorType: css
08/22/2017 11:14:34 AM - LoginPage - INFO: Sent data on element with locator: input.form-control:nth-child(4) locatorType: css
08/22/2017 11:14:34 AM - LoginPage - INFO: Locator type value not correct/supported
08/22/2017 11:14:34 AM - LoginPage - INFO: Element not found with locator: Log in and  locatorType: value
08/22/2017 11:14:34 AM - LoginPage - INFO: Cannot click on the element with locator: Log in locatorType: value
08/22/2017 11:14:34 AM - LoginTests - INFO: *#*#*#*#*#*#*#*#*#*#*#*#*#*#*#*#*#*#*#*#
08/22/2017 11:14:34 AM - LoginTests - INFO: test_t1invalidLogin started
08/22/2017 11:14:34 AM - LoginTests - INFO: *#*#*#*#*#*#*#*#*#*#*#*#*#*#*#*#*#*#*#*#
08/22/2017 11:14:34 AM - LoginPage - INFO: Element found with locator: input.form-control:nth-child(3) and  locatorType: css
08/22/2017 11:14:34 AM - LoginPage - INFO: Element found with locator: input.form-control:nth-child(4) and  locatorType: css
08/22/2017 11:14:35 AM - LoginPage - INFO: Element found with locator: input.form-control:nth-child(3) and  locatorType: css
08/22/2017 11:14:35 AM - LoginPage - INFO: Sent data on element with locator: input.form-control:nth-child(3) locatorType: css
08/22/2017 11:14:35 AM - LoginPage - INFO: Element found with locator: input.form-control:nth-child(4) and  locatorType: css
08/22/2017 11:14:35 AM - LoginPage - INFO: Sent data on element with locator: input.form-control:nth-child(4) locatorType: css
08/22/2017 11:14:35 AM - LoginPage - INFO: Locator type value not correct/supported
08/22/2017 11:14:35 AM - LoginPage - INFO: Element not found with locator: Log in and  locatorType: value
08/22/2017 11:14:35 AM - LoginPage - INFO: Cannot click on the element with locator: Log in locatorType: value
08/22/2017 11:14:35 AM - Util - INFO: Actual Text From Application Web UI --> :: Welcome to Axinom CMS!
08/22/2017 11:14:35 AM - Util - INFO: Expected Text From Application Web UI --> :: Axinom CMS
08/22/2017 11:14:35 AM - Util - INFO: ### VERIFICATION CONTAINS !!!
08/22/2017 11:14:35 AM - LoginTests - INFO: *#*#*#*#*#*#*#*#*#*#*#*#*#*#*#*#*#*#*#*#
08/22/2017 11:14:35 AM - LoginTests - INFO: test_t1invalidLogin started
08/22/2017 11:14:35 AM - LoginTests - INFO: *#*#*#*#*#*#*#*#*#*#*#*#*#*#*#*#*#*#*#*#
08/22/2017 11:14:35 AM - LoginPage - INFO: Element found with locator: input.form-control:nth-child(3) and  locatorType: css
08/22/2017 11:14:35 AM - LoginPage - INFO: Element found with locator: input.form-control:nth-child(4) and  locatorType: css
08/22/2017 11:14:35 AM - LoginPage - INFO: Element found with locator: input.form-control:nth-child(3) and  locatorType: css
08/22/2017 11:14:35 AM - LoginPage - INFO: Sent data on element with locator: input.form-control:nth-child(3) locatorType: css
08/22/2017 11:14:35 AM - LoginPage - INFO: Element found with locator: input.form-control:nth-child(4) and  locatorType: css
08/22/2017 11:14:35 AM - LoginPage - INFO: Sent data on element with locator: input.form-control:nth-child(4) locatorType: css
08/22/2017 11:14:35 AM - LoginPage - INFO: Locator type value not correct/supported
08/22/2017 11:14:35 AM - LoginPage - INFO: Element not found with locator: Log in and  locatorType: value
08/22/2017 11:14:35 AM - LoginPage - INFO: Cannot click on the element with locator: Log in locatorType: value
08/22/2017 11:14:35 AM - Util - INFO: Actual Text From Application Web UI --> :: Welcome to Axinom CMS!
08/22/2017 11:14:35 AM - Util - INFO: Expected Text From Application Web UI --> :: Axinom CMS
08/22/2017 11:14:35 AM - Util - INFO: ### VERIFICATION CONTAINS !!!
08/22/2017 11:14:35 AM - LoginTests - INFO: *#*#*#*#*#*#*#*#*#*#*#*#*#*#*#*#*#*#*#*#
08/22/2017 11:14:35 AM - LoginTests - INFO: test_t1invalidLogin started
08/22/2017 11:14:35 AM - LoginTests - INFO: *#*#*#*#*#*#*#*#*#*#*#*#*#*#*#*#*#*#*#*#
08/22/2017 11:14:35 AM - LoginPage - INFO: Element found with locator: input.form-control:nth-child(3) and  locatorType: css
08/22/2017 11:14:35 AM - LoginPage - INFO: Element found with locator: input.form-control:nth-child(4) and  locatorType: css
08/22/2017 11:14:35 AM - LoginPage - INFO: Element found with locator: input.form-control:nth-child(3) and  locatorType: css
08/22/2017 11:14:35 AM - LoginPage - INFO: Sent data on element with locator: input.form-control:nth-child(3) locatorType: css
08/22/2017 11:14:35 AM - LoginPage - INFO: Element found with locator: input.form-control:nth-child(4) and  locatorType: css
08/22/2017 11:14:35 AM - LoginPage - INFO: Sent data on element with locator: input.form-control:nth-child(4) locatorType: css
08/22/2017 11:14:35 AM - LoginPage - INFO: Locator type value not correct/supported
08/22/2017 11:14:35 AM - LoginPage - INFO: Element not found with locator: Log in and  locatorType: value
08/22/2017 11:14:35 AM - LoginPage - INFO: Cannot click on the element with locator: Log in locatorType: value
08/22/2017 11:14:35 AM - Util - INFO: Actual Text From Application Web UI --> :: Welcome to Axinom CMS!
08/22/2017 11:14:35 AM - Util - INFO: Expected Text From Application Web UI --> :: Axinom CMS
08/22/2017 11:14:35 AM - Util - INFO: ### VERIFICATION CONTAINS !!!
08/22/2017 11:14:35 AM - LoginTests - INFO: *#*#*#*#*#*#*#*#*#*#*#*#*#*#*#*#*#*#*#*#
08/22/2017 11:14:35 AM - LoginTests - INFO: test_t1invalidLogin started
08/22/2017 11:14:35 AM - LoginTests - INFO: *#*#*#*#*#*#*#*#*#*#*#*#*#*#*#*#*#*#*#*#
08/22/2017 11:14:35 AM - LoginPage - INFO: Element found with locator: input.form-control:nth-child(3) and  locatorType: css
08/22/2017 11:14:35 AM - LoginPage - INFO: Element found with locator: input.form-control:nth-child(4) and  locatorType: css
08/22/2017 11:14:35 AM - LoginPage - INFO: Element found with locator: input.form-control:nth-child(3) and  locatorType: css
08/22/2017 11:14:35 AM - LoginPage - INFO: Sent data on element with locator: input.form-control:nth-child(3) locatorType: css
08/22/2017 11:14:35 AM - LoginPage - INFO: Element found with locator: input.form-control:nth-child(4) and  locatorType: css
08/22/2017 11:14:35 AM - LoginPage - INFO: Sent data on element with locator: input.form-control:nth-child(4) locatorType: css
08/22/2017 11:14:35 AM - LoginPage - INFO: Locator type value not correct/supported
08/22/2017 11:14:35 AM - LoginPage - INFO: Element not found with locator: Log in and  locatorType: value
08/22/2017 11:14:35 AM - LoginPage - INFO: Cannot click on the element with locator: Log in locatorType: value
08/22/2017 11:14:38 AM - LoginPage - INFO: Element not found with locator: //div[contains(text(),'Invalid email or password')] and  locatorType: xpath
08/22/2017 11:14:38 AM - LoginPage - INFO: Element not present with locator: //div[contains(text(),'Invalid email or password')] locatorType: xpath
08/22/2017 11:16:15 AM - LoginPage - INFO: Element found with locator: input.form-control:nth-child(3) and  locatorType: css
08/22/2017 11:16:15 AM - LoginPage - INFO: Element found with locator: input.form-control:nth-child(4) and  locatorType: css
08/22/2017 11:16:16 AM - LoginPage - INFO: Element found with locator: input.form-control:nth-child(3) and  locatorType: css
08/22/2017 11:16:16 AM - LoginPage - INFO: Sent data on element with locator: input.form-control:nth-child(3) locatorType: css
08/22/2017 11:16:16 AM - LoginPage - INFO: Element found with locator: input.form-control:nth-child(4) and  locatorType: css
08/22/2017 11:16:16 AM - LoginPage - INFO: Sent data on element with locator: input.form-control:nth-child(4) locatorType: css
08/22/2017 11:16:16 AM - LoginPage - INFO: Locator type value not correct/supported
08/22/2017 11:16:16 AM - LoginPage - INFO: Element not found with locator: Log in and  locatorType: value
08/22/2017 11:16:16 AM - LoginPage - INFO: Cannot click on the element with locator: Log in locatorType: value
08/22/2017 11:16:16 AM - LoginTests - INFO: *#*#*#*#*#*#*#*#*#*#*#*#*#*#*#*#*#*#*#*#
08/22/2017 11:16:16 AM - LoginTests - INFO: test_t1invalidLogin started
08/22/2017 11:16:16 AM - LoginTests - INFO: *#*#*#*#*#*#*#*#*#*#*#*#*#*#*#*#*#*#*#*#
08/22/2017 11:16:16 AM - LoginPage - INFO: Element found with locator: input.form-control:nth-child(3) and  locatorType: css
08/22/2017 11:16:16 AM - LoginPage - INFO: Element found with locator: input.form-control:nth-child(4) and  locatorType: css
08/22/2017 11:16:16 AM - LoginPage - INFO: Element found with locator: input.form-control:nth-child(3) and  locatorType: css
08/22/2017 11:16:16 AM - LoginPage - INFO: Sent data on element with locator: input.form-control:nth-child(3) locatorType: css
08/22/2017 11:16:16 AM - LoginPage - INFO: Element found with locator: input.form-control:nth-child(4) and  locatorType: css
08/22/2017 11:16:16 AM - LoginPage - INFO: Sent data on element with locator: input.form-control:nth-child(4) locatorType: css
08/22/2017 11:16:16 AM - LoginPage - INFO: Locator type value not correct/supported
08/22/2017 11:16:16 AM - LoginPage - INFO: Element not found with locator: Log in and  locatorType: value
08/22/2017 11:16:16 AM - LoginPage - INFO: Cannot click on the element with locator: Log in locatorType: value
08/22/2017 11:16:16 AM - Util - INFO: Actual Text From Application Web UI --> :: Welcome to Axinom CMS!
08/22/2017 11:16:16 AM - Util - INFO: Expected Text From Application Web UI --> :: Axinom CMS
08/22/2017 11:16:16 AM - Util - INFO: ### VERIFICATION CONTAINS !!!
08/22/2017 11:16:16 AM - LoginTests - INFO: *#*#*#*#*#*#*#*#*#*#*#*#*#*#*#*#*#*#*#*#
08/22/2017 11:16:16 AM - LoginTests - INFO: test_t1invalidLogin started
08/22/2017 11:16:16 AM - LoginTests - INFO: *#*#*#*#*#*#*#*#*#*#*#*#*#*#*#*#*#*#*#*#
08/22/2017 11:16:16 AM - LoginPage - INFO: Element found with locator: input.form-control:nth-child(3) and  locatorType: css
08/22/2017 11:16:16 AM - LoginPage - INFO: Element found with locator: input.form-control:nth-child(4) and  locatorType: css
08/22/2017 11:16:16 AM - LoginPage - INFO: Element found with locator: input.form-control:nth-child(3) and  locatorType: css
08/22/2017 11:16:16 AM - LoginPage - INFO: Sent data on element with locator: input.form-control:nth-child(3) locatorType: css
08/22/2017 11:16:16 AM - LoginPage - INFO: Element found with locator: input.form-control:nth-child(4) and  locatorType: css
08/22/2017 11:16:16 AM - LoginPage - INFO: Sent data on element with locator: input.form-control:nth-child(4) locatorType: css
08/22/2017 11:16:16 AM - LoginPage - INFO: Locator type value not correct/supported
08/22/2017 11:16:16 AM - LoginPage - INFO: Element not found with locator: Log in and  locatorType: value
08/22/2017 11:16:16 AM - LoginPage - INFO: Cannot click on the element with locator: Log in locatorType: value
08/22/2017 11:16:16 AM - Util - INFO: Actual Text From Application Web UI --> :: Welcome to Axinom CMS!
08/22/2017 11:16:16 AM - Util - INFO: Expected Text From Application Web UI --> :: Axinom CMS
08/22/2017 11:16:16 AM - Util - INFO: ### VERIFICATION CONTAINS !!!
08/22/2017 11:16:16 AM - LoginTests - INFO: *#*#*#*#*#*#*#*#*#*#*#*#*#*#*#*#*#*#*#*#
08/22/2017 11:16:16 AM - LoginTests - INFO: test_t1invalidLogin started
08/22/2017 11:16:16 AM - LoginTests - INFO: *#*#*#*#*#*#*#*#*#*#*#*#*#*#*#*#*#*#*#*#
08/22/2017 11:16:16 AM - LoginPage - INFO: Element found with locator: input.form-control:nth-child(3) and  locatorType: css
08/22/2017 11:16:16 AM - LoginPage - INFO: Element found with locator: input.form-control:nth-child(4) and  locatorType: css
08/22/2017 11:16:16 AM - LoginPage - INFO: Element found with locator: input.form-control:nth-child(3) and  locatorType: css
08/22/2017 11:16:16 AM - LoginPage - INFO: Sent data on element with locator: input.form-control:nth-child(3) locatorType: css
08/22/2017 11:16:16 AM - LoginPage - INFO: Element found with locator: input.form-control:nth-child(4) and  locatorType: css
08/22/2017 11:16:16 AM - LoginPage - INFO: Sent data on element with locator: input.form-control:nth-child(4) locatorType: css
08/22/2017 11:16:16 AM - LoginPage - INFO: Locator type value not correct/supported
08/22/2017 11:16:16 AM - LoginPage - INFO: Element not found with locator: Log in and  locatorType: value
08/22/2017 11:16:16 AM - LoginPage - INFO: Cannot click on the element with locator: Log in locatorType: value
08/22/2017 11:16:16 AM - Util - INFO: Actual Text From Application Web UI --> :: Welcome to Axinom CMS!
08/22/2017 11:16:16 AM - Util - INFO: Expected Text From Application Web UI --> :: Axinom CMS
08/22/2017 11:16:16 AM - Util - INFO: ### VERIFICATION CONTAINS !!!
08/22/2017 11:16:16 AM - LoginTests - INFO: *#*#*#*#*#*#*#*#*#*#*#*#*#*#*#*#*#*#*#*#
08/22/2017 11:16:16 AM - LoginTests - INFO: test_t1invalidLogin started
08/22/2017 11:16:16 AM - LoginTests - INFO: *#*#*#*#*#*#*#*#*#*#*#*#*#*#*#*#*#*#*#*#
08/22/2017 11:16:16 AM - LoginPage - INFO: Element found with locator: input.form-control:nth-child(3) and  locatorType: css
08/22/2017 11:16:16 AM - LoginPage - INFO: Element found with locator: input.form-control:nth-child(4) and  locatorType: css
08/22/2017 11:16:16 AM - LoginPage - INFO: Element found with locator: input.form-control:nth-child(3) and  locatorType: css
08/22/2017 11:16:16 AM - LoginPage - INFO: Sent data on element with locator: input.form-control:nth-child(3) locatorType: css
08/22/2017 11:16:16 AM - LoginPage - INFO: Element found with locator: input.form-control:nth-child(4) and  locatorType: css
08/22/2017 11:16:16 AM - LoginPage - INFO: Sent data on element with locator: input.form-control:nth-child(4) locatorType: css
08/22/2017 11:16:16 AM - LoginPage - INFO: Locator type value not correct/supported
08/22/2017 11:16:16 AM - LoginPage - INFO: Element not found with locator: Log in and  locatorType: value
08/22/2017 11:16:16 AM - LoginPage - INFO: Cannot click on the element with locator: Log in locatorType: value
08/22/2017 11:16:19 AM - LoginPage - INFO: Element not found with locator: //div[contains(text(),'Invalid email or password')] and  locatorType: xpath
08/22/2017 11:16:19 AM - LoginPage - INFO: Element not present with locator: //div[contains(text(),'Invalid email or password')] locatorType: xpath
08/22/2017 11:36:08 AM - LoginPage - INFO: Element found with locator: input.form-control:nth-child(3) and  locatorType: css
08/22/2017 11:36:08 AM - LoginPage - INFO: Element found with locator: input.form-control:nth-child(4) and  locatorType: css
08/22/2017 11:36:08 AM - LoginPage - INFO: Element found with locator: input.form-control:nth-child(3) and  locatorType: css
08/22/2017 11:36:08 AM - LoginPage - INFO: Sent data on element with locator: input.form-control:nth-child(3) locatorType: css
08/22/2017 11:36:08 AM - LoginPage - INFO: Element found with locator: input.form-control:nth-child(4) and  locatorType: css
08/22/2017 11:36:09 AM - LoginPage - INFO: Sent data on element with locator: input.form-control:nth-child(4) locatorType: css
08/22/2017 11:36:09 AM - LoginPage - INFO: Locator type value not correct/supported
08/22/2017 11:36:09 AM - LoginPage - INFO: Element not found with locator: Log in and  locatorType: value
08/22/2017 11:36:09 AM - LoginPage - INFO: Cannot click on the element with locator: Log in locatorType: value
08/22/2017 11:36:09 AM - LoginTests - INFO: *#*#*#*#*#*#*#*#*#*#*#*#*#*#*#*#*#*#*#*#
08/22/2017 11:36:09 AM - LoginTests - INFO: test_t1invalidLogin started
08/22/2017 11:36:09 AM - LoginTests - INFO: *#*#*#*#*#*#*#*#*#*#*#*#*#*#*#*#*#*#*#*#
08/22/2017 11:36:09 AM - LoginPage - INFO: Element found with locator: input.form-control:nth-child(3) and  locatorType: css
08/22/2017 11:36:09 AM - LoginPage - INFO: Element found with locator: input.form-control:nth-child(4) and  locatorType: css
08/22/2017 11:36:09 AM - LoginPage - INFO: Element found with locator: input.form-control:nth-child(3) and  locatorType: css
08/22/2017 11:36:09 AM - LoginPage - INFO: Sent data on element with locator: input.form-control:nth-child(3) locatorType: css
08/22/2017 11:36:09 AM - LoginPage - INFO: Element found with locator: input.form-control:nth-child(4) and  locatorType: css
08/22/2017 11:36:09 AM - LoginPage - INFO: Sent data on element with locator: input.form-control:nth-child(4) locatorType: css
08/22/2017 11:36:09 AM - LoginPage - INFO: Locator type value not correct/supported
08/22/2017 11:36:09 AM - LoginPage - INFO: Element not found with locator: Log in and  locatorType: value
08/22/2017 11:36:09 AM - LoginPage - INFO: Cannot click on the element with locator: Log in locatorType: value
08/22/2017 11:36:09 AM - Util - INFO: Actual Text From Application Web UI --> :: Welcome to Axinom CMS!
08/22/2017 11:36:09 AM - Util - INFO: Expected Text From Application Web UI --> :: Axinom CMS
08/22/2017 11:36:09 AM - Util - INFO: ### VERIFICATION CONTAINS !!!
08/22/2017 11:37:33 AM - LoginPage - INFO: Element found with locator: input.form-control:nth-child(3) and  locatorType: css
08/22/2017 11:37:33 AM - LoginPage - INFO: Element found with locator: input.form-control:nth-child(4) and  locatorType: css
08/22/2017 11:37:33 AM - LoginPage - INFO: Element found with locator: input.form-control:nth-child(3) and  locatorType: css
08/22/2017 11:37:33 AM - LoginPage - INFO: Sent data on element with locator: input.form-control:nth-child(3) locatorType: css
08/22/2017 11:37:33 AM - LoginPage - INFO: Element found with locator: input.form-control:nth-child(4) and  locatorType: css
08/22/2017 11:37:33 AM - LoginPage - INFO: Sent data on element with locator: input.form-control:nth-child(4) locatorType: css
08/22/2017 11:37:33 AM - LoginPage - INFO: Locator type value not correct/supported
08/22/2017 11:37:33 AM - LoginPage - INFO: Element not found with locator: Log in and  locatorType: value
08/22/2017 11:37:33 AM - LoginPage - INFO: Cannot click on the element with locator: Log in locatorType: value
08/22/2017 11:37:33 AM - LoginTests - INFO: *#*#*#*#*#*#*#*#*#*#*#*#*#*#*#*#*#*#*#*#
08/22/2017 11:37:33 AM - LoginTests - INFO: test_t1invalidLogin started
08/22/2017 11:37:33 AM - LoginTests - INFO: *#*#*#*#*#*#*#*#*#*#*#*#*#*#*#*#*#*#*#*#
08/22/2017 11:37:33 AM - LoginPage - INFO: Element found with locator: input.form-control:nth-child(3) and  locatorType: css
08/22/2017 11:37:33 AM - LoginPage - INFO: Element found with locator: input.form-control:nth-child(4) and  locatorType: css
08/22/2017 11:37:33 AM - LoginPage - INFO: Element found with locator: input.form-control:nth-child(3) and  locatorType: css
08/22/2017 11:37:33 AM - LoginPage - INFO: Sent data on element with locator: input.form-control:nth-child(3) locatorType: css
08/22/2017 11:37:33 AM - LoginPage - INFO: Element found with locator: input.form-control:nth-child(4) and  locatorType: css
08/22/2017 11:37:33 AM - LoginPage - INFO: Sent data on element with locator: input.form-control:nth-child(4) locatorType: css
08/22/2017 11:37:33 AM - LoginPage - INFO: Locator type value not correct/supported
08/22/2017 11:37:33 AM - LoginPage - INFO: Element not found with locator: Log in and  locatorType: value
08/22/2017 11:37:33 AM - LoginPage - INFO: Cannot click on the element with locator: Log in locatorType: value
08/22/2017 11:37:33 AM - Util - INFO: Actual Text From Application Web UI --> :: Welcome to Axinom CMS!
08/22/2017 11:37:33 AM - Util - INFO: Expected Text From Application Web UI --> :: Axinom CMS
08/22/2017 11:37:33 AM - Util - INFO: ### VERIFICATION CONTAINS !!!
08/22/2017 11:38:37 AM - LoginPage - INFO: Element found with locator: input.form-control:nth-child(3) and  locatorType: css
08/22/2017 11:38:37 AM - LoginPage - INFO: Element found with locator: input.form-control:nth-child(4) and  locatorType: css
08/22/2017 11:38:37 AM - LoginPage - INFO: Element found with locator: input.form-control:nth-child(3) and  locatorType: css
08/22/2017 11:38:37 AM - LoginPage - INFO: Sent data on element with locator: input.form-control:nth-child(3) locatorType: css
08/22/2017 11:38:37 AM - LoginPage - INFO: Element found with locator: input.form-control:nth-child(4) and  locatorType: css
08/22/2017 11:38:37 AM - LoginPage - INFO: Sent data on element with locator: input.form-control:nth-child(4) locatorType: css
08/22/2017 11:38:37 AM - LoginPage - INFO: Locator type value not correct/supported
08/22/2017 11:38:37 AM - LoginPage - INFO: Element not found with locator: Log in and  locatorType: value
08/22/2017 11:38:37 AM - LoginPage - INFO: Cannot click on the element with locator: Log in locatorType: value
08/22/2017 11:38:37 AM - LoginTests - INFO: *#*#*#*#*#*#*#*#*#*#*#*#*#*#*#*#*#*#*#*#
08/22/2017 11:38:37 AM - LoginTests - INFO: test_t1invalidLogin started
08/22/2017 11:38:37 AM - LoginTests - INFO: *#*#*#*#*#*#*#*#*#*#*#*#*#*#*#*#*#*#*#*#
08/22/2017 11:38:37 AM - LoginPage - INFO: Element found with locator: input.form-control:nth-child(3) and  locatorType: css
08/22/2017 11:38:37 AM - LoginPage - INFO: Element found with locator: input.form-control:nth-child(4) and  locatorType: css
08/22/2017 11:38:37 AM - LoginPage - INFO: Element found with locator: input.form-control:nth-child(3) and  locatorType: css
08/22/2017 11:38:38 AM - LoginPage - INFO: Sent data on element with locator: input.form-control:nth-child(3) locatorType: css
08/22/2017 11:38:38 AM - LoginPage - INFO: Element found with locator: input.form-control:nth-child(4) and  locatorType: css
08/22/2017 11:38:38 AM - LoginPage - INFO: Sent data on element with locator: input.form-control:nth-child(4) locatorType: css
08/22/2017 11:38:38 AM - LoginPage - INFO: Locator type value not correct/supported
08/22/2017 11:38:38 AM - LoginPage - INFO: Element not found with locator: Log in and  locatorType: value
08/22/2017 11:38:38 AM - LoginPage - INFO: Cannot click on the element with locator: Log in locatorType: value
08/22/2017 11:38:38 AM - Util - INFO: Actual Text From Application Web UI --> :: Welcome to Axinom CMS!
08/22/2017 11:38:38 AM - Util - INFO: Expected Text From Application Web UI --> :: Axinom CMS
08/22/2017 11:38:38 AM - Util - INFO: ### VERIFICATION CONTAINS !!!
